[2021-01-04_20-04-31]    You have chosen a specific GPU. Use GPU: 0+1+2+3+4+5+6+7 for training
[2021-01-04_20-04-31]    args.gpu_map ==> {'cuda:0': 'cuda:0', 'cuda:1': 'cuda:1', 'cuda:2': 'cuda:2', 'cuda:3': 'cuda:3', 'cuda:4': 'cuda:4', 'cuda:5': 'cuda:5', 'cuda:6': 'cuda:6', 'cuda:7': 'cuda:7'}
[2021-01-04_20-04-31]    args.gpu ==> [0, 1, 2, 3, 4, 5, 6, 7]
[2021-01-04_20-04-31]    => creating model 'resnet18_dwt'
[2021-01-04_20-07-30]    Epoch: [0][0/269]	Loss avg 7.01	Acc avg 0.00	lr 1e-05
[2021-01-04_20-07-35]    Epoch: [0][10/269]	Loss avg 6.70	Acc avg 0.00	lr 1e-05
[2021-01-04_20-07-38]    Epoch: [0][20/269]	Loss avg 6.42	Acc avg 4.41	lr 1e-05
[2021-01-04_20-07-41]    Epoch: [0][30/269]	Loss avg 6.14	Acc avg 15.00	lr 1e-05
[2021-01-04_20-07-45]    Epoch: [0][40/269]	Loss avg 5.89	Acc avg 23.07	lr 1e-05
[2021-01-04_20-07-48]    Epoch: [0][50/269]	Loss avg 5.65	Acc avg 28.80	lr 1e-05
[2021-01-04_20-07-51]    Epoch: [0][60/269]	Loss avg 5.43	Acc avg 33.11	lr 1e-05
[2021-01-04_20-07-55]    Epoch: [0][70/269]	Loss avg 5.22	Acc avg 36.07	lr 1e-05
[2021-01-04_20-07-58]    Epoch: [0][80/269]	Loss avg 5.04	Acc avg 38.56	lr 1e-05
[2021-01-04_20-08-01]    Epoch: [0][90/269]	Loss avg 4.87	Acc avg 40.50	lr 1e-05
[2021-01-04_20-08-05]    Epoch: [0][100/269]	Loss avg 4.71	Acc avg 42.14	lr 1e-05
[2021-01-04_20-08-08]    Epoch: [0][110/269]	Loss avg 4.56	Acc avg 43.45	lr 1e-05
[2021-01-04_20-08-12]    Epoch: [0][120/269]	Loss avg 4.42	Acc avg 44.59	lr 1e-05
[2021-01-04_20-08-15]    Epoch: [0][130/269]	Loss avg 4.29	Acc avg 45.54	lr 1e-05
[2021-01-04_20-08-18]    Epoch: [0][140/269]	Loss avg 4.18	Acc avg 46.33	lr 1e-05
[2021-01-04_20-08-22]    Epoch: [0][150/269]	Loss avg 4.06	Acc avg 47.03	lr 1e-05
[2021-01-04_20-08-25]    Epoch: [0][160/269]	Loss avg 3.96	Acc avg 47.67	lr 1e-05
[2021-01-04_20-08-28]    Epoch: [0][170/269]	Loss avg 3.86	Acc avg 48.19	lr 1e-05
[2021-01-04_20-08-32]    Epoch: [0][180/269]	Loss avg 3.76	Acc avg 48.66	lr 1e-05
[2021-01-04_20-08-35]    Epoch: [0][190/269]	Loss avg 3.67	Acc avg 49.02	lr 1e-05
[2021-01-04_20-08-39]    Epoch: [0][200/269]	Loss avg 3.59	Acc avg 49.38	lr 1e-05
[2021-01-04_20-08-42]    Epoch: [0][210/269]	Loss avg 3.50	Acc avg 49.79	lr 1e-05
[2021-01-04_20-08-45]    Epoch: [0][220/269]	Loss avg 3.43	Acc avg 50.07	lr 1e-05
[2021-01-04_20-08-49]    Epoch: [0][230/269]	Loss avg 3.35	Acc avg 50.36	lr 1e-05
[2021-01-04_20-08-52]    Epoch: [0][240/269]	Loss avg 3.28	Acc avg 50.67	lr 1e-05
[2021-01-04_20-08-56]    Epoch: [0][250/269]	Loss avg 3.21	Acc avg 50.91	lr 1e-05
[2021-01-04_20-08-59]    Epoch: [0][260/269]	Loss avg 3.15	Acc avg 51.15	lr 1e-05
[2021-01-04_20-09-56]     * Val acc 51.68
[2021-01-04_20-11-27]    Epoch: [1][0/269]	Loss avg 1.47	Acc avg 58.20	lr 1e-05
[2021-01-04_20-11-33]    Epoch: [1][10/269]	Loss avg 1.41	Acc avg 57.33	lr 1e-05
[2021-01-04_20-11-41]    Epoch: [1][20/269]	Loss avg 1.39	Acc avg 57.22	lr 1e-05
[2021-01-04_20-11-47]    Epoch: [1][30/269]	Loss avg 1.37	Acc avg 57.33	lr 1e-05
[2021-01-04_20-11-54]    Epoch: [1][40/269]	Loss avg 1.35	Acc avg 57.33	lr 1e-05
[2021-01-04_20-12-02]    Epoch: [1][50/269]	Loss avg 1.33	Acc avg 57.27	lr 1e-05
[2021-01-04_20-12-05]    Epoch: [1][60/269]	Loss avg 1.31	Acc avg 57.44	lr 1e-05
[2021-01-04_20-12-08]    Epoch: [1][70/269]	Loss avg 1.29	Acc avg 57.59	lr 1e-05
[2021-01-04_20-12-12]    Epoch: [1][80/269]	Loss avg 1.27	Acc avg 57.52	lr 1e-05
[2021-01-04_20-12-15]    Epoch: [1][90/269]	Loss avg 1.26	Acc avg 57.46	lr 1e-05
[2021-01-04_20-12-18]    Epoch: [1][100/269]	Loss avg 1.24	Acc avg 57.53	lr 1e-05
[2021-01-04_20-12-22]    Epoch: [1][110/269]	Loss avg 1.23	Acc avg 57.55	lr 1e-05
[2021-01-04_20-12-25]    Epoch: [1][120/269]	Loss avg 1.21	Acc avg 57.54	lr 1e-05
[2021-01-04_20-12-29]    Epoch: [1][130/269]	Loss avg 1.20	Acc avg 57.54	lr 1e-05
[2021-01-04_20-12-32]    Epoch: [1][140/269]	Loss avg 1.19	Acc avg 57.52	lr 1e-05
[2021-01-04_20-12-35]    Epoch: [1][150/269]	Loss avg 1.17	Acc avg 57.55	lr 1e-05
[2021-01-04_20-12-38]    Epoch: [1][160/269]	Loss avg 1.16	Acc avg 57.62	lr 1e-05
[2021-01-04_20-12-42]    Epoch: [1][170/269]	Loss avg 1.15	Acc avg 57.66	lr 1e-05
[2021-01-04_20-12-45]    Epoch: [1][180/269]	Loss avg 1.14	Acc avg 57.59	lr 1e-05
[2021-01-04_20-12-49]    Epoch: [1][190/269]	Loss avg 1.13	Acc avg 57.60	lr 1e-05
[2021-01-04_20-12-52]    Epoch: [1][200/269]	Loss avg 1.12	Acc avg 57.62	lr 1e-05
[2021-01-04_20-12-56]    Epoch: [1][210/269]	Loss avg 1.11	Acc avg 57.64	lr 1e-05
[2021-01-04_20-12-59]    Epoch: [1][220/269]	Loss avg 1.10	Acc avg 57.70	lr 1e-05
[2021-01-04_20-13-03]    Epoch: [1][230/269]	Loss avg 1.09	Acc avg 57.72	lr 1e-05
[2021-01-04_20-13-06]    Epoch: [1][240/269]	Loss avg 1.08	Acc avg 57.72	lr 1e-05
[2021-01-04_20-13-09]    Epoch: [1][250/269]	Loss avg 1.07	Acc avg 57.78	lr 1e-05
[2021-01-04_20-13-13]    Epoch: [1][260/269]	Loss avg 1.07	Acc avg 57.78	lr 1e-05
[2021-01-04_20-14-09]     * Val acc 55.49
[2021-01-04_20-15-35]    Epoch: [2][0/269]	Loss avg 0.87	Acc avg 58.59	lr 1e-05
[2021-01-04_20-15-43]    Epoch: [2][10/269]	Loss avg 0.85	Acc avg 58.63	lr 1e-05
[2021-01-04_20-15-50]    Epoch: [2][20/269]	Loss avg 0.85	Acc avg 58.15	lr 1e-05
[2021-01-04_20-15-57]    Epoch: [2][30/269]	Loss avg 0.84	Acc avg 58.47	lr 1e-05
[2021-01-04_20-16-05]    Epoch: [2][40/269]	Loss avg 0.84	Acc avg 58.27	lr 1e-05
[2021-01-04_20-16-11]    Epoch: [2][50/269]	Loss avg 0.83	Acc avg 58.48	lr 1e-05
[2021-01-04_20-16-15]    Epoch: [2][60/269]	Loss avg 0.83	Acc avg 58.59	lr 1e-05
[2021-01-04_20-16-18]    Epoch: [2][70/269]	Loss avg 0.83	Acc avg 58.53	lr 1e-05
[2021-01-04_20-16-21]    Epoch: [2][80/269]	Loss avg 0.83	Acc avg 58.40	lr 1e-05
[2021-01-04_20-16-25]    Epoch: [2][90/269]	Loss avg 0.82	Acc avg 58.53	lr 1e-05
[2021-01-04_20-16-28]    Epoch: [2][100/269]	Loss avg 0.82	Acc avg 58.55	lr 1e-05
[2021-01-04_20-16-32]    Epoch: [2][110/269]	Loss avg 0.82	Acc avg 58.51	lr 1e-05
[2021-01-04_20-16-35]    Epoch: [2][120/269]	Loss avg 0.82	Acc avg 58.50	lr 1e-05
[2021-01-04_20-16-38]    Epoch: [2][130/269]	Loss avg 0.82	Acc avg 58.60	lr 1e-05
[2021-01-04_20-16-42]    Epoch: [2][140/269]	Loss avg 0.81	Acc avg 58.65	lr 1e-05
[2021-01-04_20-16-45]    Epoch: [2][150/269]	Loss avg 0.81	Acc avg 58.57	lr 1e-05
[2021-01-04_20-16-49]    Epoch: [2][160/269]	Loss avg 0.81	Acc avg 58.63	lr 1e-05
[2021-01-04_20-16-52]    Epoch: [2][170/269]	Loss avg 0.81	Acc avg 58.63	lr 1e-05
[2021-01-04_20-16-56]    Epoch: [2][180/269]	Loss avg 0.80	Acc avg 58.65	lr 1e-05
[2021-01-04_20-16-59]    Epoch: [2][190/269]	Loss avg 0.80	Acc avg 58.63	lr 1e-05
[2021-01-04_20-17-02]    Epoch: [2][200/269]	Loss avg 0.80	Acc avg 58.64	lr 1e-05
[2021-01-04_20-17-05]    Epoch: [2][210/269]	Loss avg 0.80	Acc avg 58.62	lr 1e-05
[2021-01-04_20-17-09]    Epoch: [2][220/269]	Loss avg 0.80	Acc avg 58.65	lr 1e-05
[2021-01-04_20-17-12]    Epoch: [2][230/269]	Loss avg 0.80	Acc avg 58.70	lr 1e-05
[2021-01-04_20-17-16]    Epoch: [2][240/269]	Loss avg 0.79	Acc avg 58.67	lr 1e-05
[2021-01-04_20-17-19]    Epoch: [2][250/269]	Loss avg 0.79	Acc avg 58.68	lr 1e-05
[2021-01-04_20-17-22]    Epoch: [2][260/269]	Loss avg 0.79	Acc avg 58.70	lr 1e-05
[2021-01-04_20-18-18]     * Val acc 56.60
[2021-01-04_20-19-45]    Epoch: [3][0/269]	Loss avg 0.73	Acc avg 59.57	lr 1e-05
[2021-01-04_20-19-51]    Epoch: [3][10/269]	Loss avg 0.74	Acc avg 59.82	lr 1e-05
[2021-01-04_20-19-59]    Epoch: [3][20/269]	Loss avg 0.74	Acc avg 59.39	lr 1e-05
[2021-01-04_20-20-05]    Epoch: [3][30/269]	Loss avg 0.74	Acc avg 59.58	lr 1e-05
[2021-01-04_20-20-13]    Epoch: [3][40/269]	Loss avg 0.74	Acc avg 59.43	lr 1e-05
[2021-01-04_20-20-19]    Epoch: [3][50/269]	Loss avg 0.74	Acc avg 59.19	lr 1e-05
[2021-01-04_20-20-23]    Epoch: [3][60/269]	Loss avg 0.74	Acc avg 59.04	lr 1e-05
[2021-01-04_20-20-26]    Epoch: [3][70/269]	Loss avg 0.74	Acc avg 59.19	lr 1e-05
[2021-01-04_20-20-30]    Epoch: [3][80/269]	Loss avg 0.74	Acc avg 59.29	lr 1e-05
[2021-01-04_20-20-33]    Epoch: [3][90/269]	Loss avg 0.74	Acc avg 59.31	lr 1e-05
[2021-01-04_20-20-36]    Epoch: [3][100/269]	Loss avg 0.73	Acc avg 59.29	lr 1e-05
[2021-01-04_20-20-40]    Epoch: [3][110/269]	Loss avg 0.73	Acc avg 59.30	lr 1e-05
[2021-01-04_20-20-43]    Epoch: [3][120/269]	Loss avg 0.73	Acc avg 59.24	lr 1e-05
[2021-01-04_20-20-47]    Epoch: [3][130/269]	Loss avg 0.73	Acc avg 59.25	lr 1e-05
[2021-01-04_20-20-50]    Epoch: [3][140/269]	Loss avg 0.73	Acc avg 59.23	lr 1e-05
[2021-01-04_20-20-53]    Epoch: [3][150/269]	Loss avg 0.73	Acc avg 59.35	lr 1e-05
[2021-01-04_20-20-57]    Epoch: [3][160/269]	Loss avg 0.73	Acc avg 59.34	lr 1e-05
[2021-01-04_20-21-00]    Epoch: [3][170/269]	Loss avg 0.73	Acc avg 59.40	lr 1e-05
[2021-01-04_20-21-04]    Epoch: [3][180/269]	Loss avg 0.73	Acc avg 59.37	lr 1e-05
[2021-01-04_20-21-07]    Epoch: [3][190/269]	Loss avg 0.73	Acc avg 59.37	lr 1e-05
[2021-01-04_20-21-10]    Epoch: [3][200/269]	Loss avg 0.73	Acc avg 59.35	lr 1e-05
[2021-01-04_20-21-14]    Epoch: [3][210/269]	Loss avg 0.73	Acc avg 59.36	lr 1e-05
[2021-01-04_20-21-17]    Epoch: [3][220/269]	Loss avg 0.72	Acc avg 59.34	lr 1e-05
[2021-01-04_20-21-21]    Epoch: [3][230/269]	Loss avg 0.72	Acc avg 59.27	lr 1e-05
[2021-01-04_20-21-24]    Epoch: [3][240/269]	Loss avg 0.72	Acc avg 59.25	lr 1e-05
[2021-01-04_20-21-27]    Epoch: [3][250/269]	Loss avg 0.72	Acc avg 59.30	lr 1e-05
[2021-01-04_20-21-31]    Epoch: [3][260/269]	Loss avg 0.72	Acc avg 59.30	lr 1e-05
[2021-01-04_20-22-27]     * Val acc 55.10
[2021-01-04_20-23-55]    Epoch: [4][0/269]	Loss avg 0.71	Acc avg 60.55	lr 1e-05
[2021-01-04_20-24-03]    Epoch: [4][10/269]	Loss avg 0.70	Acc avg 59.02	lr 1e-05
[2021-01-04_20-24-10]    Epoch: [4][20/269]	Loss avg 0.70	Acc avg 59.78	lr 1e-05
[2021-01-04_20-24-18]    Epoch: [4][30/269]	Loss avg 0.70	Acc avg 59.95	lr 1e-05
[2021-01-04_20-24-24]    Epoch: [4][40/269]	Loss avg 0.70	Acc avg 59.97	lr 1e-05
[2021-01-04_20-24-29]    Epoch: [4][50/269]	Loss avg 0.70	Acc avg 59.90	lr 1e-05
[2021-01-04_20-24-32]    Epoch: [4][60/269]	Loss avg 0.70	Acc avg 59.85	lr 1e-05
[2021-01-04_20-24-36]    Epoch: [4][70/269]	Loss avg 0.70	Acc avg 59.66	lr 1e-05
[2021-01-04_20-24-39]    Epoch: [4][80/269]	Loss avg 0.70	Acc avg 59.66	lr 1e-05
[2021-01-04_20-24-42]    Epoch: [4][90/269]	Loss avg 0.70	Acc avg 59.68	lr 1e-05
[2021-01-04_20-24-46]    Epoch: [4][100/269]	Loss avg 0.70	Acc avg 59.71	lr 1e-05
[2021-01-04_20-24-49]    Epoch: [4][110/269]	Loss avg 0.70	Acc avg 59.81	lr 1e-05
[2021-01-04_20-24-52]    Epoch: [4][120/269]	Loss avg 0.70	Acc avg 59.83	lr 1e-05
[2021-01-04_20-24-56]    Epoch: [4][130/269]	Loss avg 0.70	Acc avg 59.78	lr 1e-05
[2021-01-04_20-24-59]    Epoch: [4][140/269]	Loss avg 0.70	Acc avg 59.89	lr 1e-05
[2021-01-04_20-25-03]    Epoch: [4][150/269]	Loss avg 0.70	Acc avg 59.83	lr 1e-05
[2021-01-04_20-25-06]    Epoch: [4][160/269]	Loss avg 0.70	Acc avg 59.77	lr 1e-05
[2021-01-04_20-25-09]    Epoch: [4][170/269]	Loss avg 0.70	Acc avg 59.78	lr 1e-05
[2021-01-04_20-25-13]    Epoch: [4][180/269]	Loss avg 0.70	Acc avg 59.81	lr 1e-05
[2021-01-04_20-25-16]    Epoch: [4][190/269]	Loss avg 0.70	Acc avg 59.81	lr 1e-05
[2021-01-04_20-25-20]    Epoch: [4][200/269]	Loss avg 0.70	Acc avg 59.78	lr 1e-05
[2021-01-04_20-25-23]    Epoch: [4][210/269]	Loss avg 0.70	Acc avg 59.79	lr 1e-05
[2021-01-04_20-25-27]    Epoch: [4][220/269]	Loss avg 0.69	Acc avg 59.83	lr 1e-05
[2021-01-04_20-25-30]    Epoch: [4][230/269]	Loss avg 0.69	Acc avg 59.84	lr 1e-05
[2021-01-04_20-25-33]    Epoch: [4][240/269]	Loss avg 0.69	Acc avg 59.86	lr 1e-05
[2021-01-04_20-25-37]    Epoch: [4][250/269]	Loss avg 0.69	Acc avg 59.90	lr 1e-05
[2021-01-04_20-25-40]    Epoch: [4][260/269]	Loss avg 0.69	Acc avg 59.96	lr 1e-05
[2021-01-04_20-26-36]     * Val acc 53.84
[2021-01-04_20-28-03]    Epoch: [5][0/269]	Loss avg 0.68	Acc avg 59.96	lr 1e-05
[2021-01-04_20-28-11]    Epoch: [5][10/269]	Loss avg 0.68	Acc avg 60.30	lr 1e-05
[2021-01-04_20-28-18]    Epoch: [5][20/269]	Loss avg 0.68	Acc avg 60.68	lr 1e-05
[2021-01-04_20-28-25]    Epoch: [5][30/269]	Loss avg 0.68	Acc avg 61.04	lr 1e-05
[2021-01-04_20-28-33]    Epoch: [5][40/269]	Loss avg 0.68	Acc avg 60.98	lr 1e-05
[2021-01-04_20-28-38]    Epoch: [5][50/269]	Loss avg 0.68	Acc avg 60.78	lr 1e-05
[2021-01-04_20-28-41]    Epoch: [5][60/269]	Loss avg 0.68	Acc avg 60.80	lr 1e-05
[2021-01-04_20-28-45]    Epoch: [5][70/269]	Loss avg 0.68	Acc avg 60.76	lr 1e-05
[2021-01-04_20-28-48]    Epoch: [5][80/269]	Loss avg 0.68	Acc avg 60.65	lr 1e-05
[2021-01-04_20-28-52]    Epoch: [5][90/269]	Loss avg 0.68	Acc avg 60.43	lr 1e-05
[2021-01-04_20-28-55]    Epoch: [5][100/269]	Loss avg 0.68	Acc avg 60.40	lr 1e-05
[2021-01-04_20-28-58]    Epoch: [5][110/269]	Loss avg 0.68	Acc avg 60.31	lr 1e-05
[2021-01-04_20-29-02]    Epoch: [5][120/269]	Loss avg 0.68	Acc avg 60.36	lr 1e-05
[2021-01-04_20-29-05]    Epoch: [5][130/269]	Loss avg 0.68	Acc avg 60.39	lr 1e-05
[2021-01-04_20-29-09]    Epoch: [5][140/269]	Loss avg 0.68	Acc avg 60.33	lr 1e-05
[2021-01-04_20-29-12]    Epoch: [5][150/269]	Loss avg 0.68	Acc avg 60.36	lr 1e-05
[2021-01-04_20-29-15]    Epoch: [5][160/269]	Loss avg 0.68	Acc avg 60.45	lr 1e-05
[2021-01-04_20-29-19]    Epoch: [5][170/269]	Loss avg 0.68	Acc avg 60.52	lr 1e-05
[2021-01-04_20-29-22]    Epoch: [5][180/269]	Loss avg 0.68	Acc avg 60.56	lr 1e-05
[2021-01-04_20-29-26]    Epoch: [5][190/269]	Loss avg 0.68	Acc avg 60.56	lr 1e-05
[2021-01-04_20-29-29]    Epoch: [5][200/269]	Loss avg 0.68	Acc avg 60.60	lr 1e-05
[2021-01-04_20-29-33]    Epoch: [5][210/269]	Loss avg 0.68	Acc avg 60.59	lr 1e-05
[2021-01-04_20-29-36]    Epoch: [5][220/269]	Loss avg 0.68	Acc avg 60.60	lr 1e-05
[2021-01-04_20-29-39]    Epoch: [5][230/269]	Loss avg 0.67	Acc avg 60.62	lr 1e-05
[2021-01-04_20-29-43]    Epoch: [5][240/269]	Loss avg 0.67	Acc avg 60.62	lr 1e-05
[2021-01-04_20-29-46]    Epoch: [5][250/269]	Loss avg 0.67	Acc avg 60.62	lr 1e-05
[2021-01-04_20-29-50]    Epoch: [5][260/269]	Loss avg 0.67	Acc avg 60.59	lr 1e-05
[2021-01-04_20-30-47]     * Val acc 58.17
[2021-01-04_20-32-14]    Epoch: [6][0/269]	Loss avg 0.66	Acc avg 58.79	lr 1e-05
[2021-01-04_20-32-21]    Epoch: [6][10/269]	Loss avg 0.67	Acc avg 59.96	lr 1e-05
[2021-01-04_20-32-29]    Epoch: [6][20/269]	Loss avg 0.67	Acc avg 60.71	lr 1e-05
[2021-01-04_20-32-36]    Epoch: [6][30/269]	Loss avg 0.67	Acc avg 60.67	lr 1e-05
[2021-01-04_20-32-43]    Epoch: [6][40/269]	Loss avg 0.67	Acc avg 60.68	lr 1e-05
[2021-01-04_20-32-49]    Epoch: [6][50/269]	Loss avg 0.67	Acc avg 60.50	lr 1e-05
[2021-01-04_20-32-52]    Epoch: [6][60/269]	Loss avg 0.67	Acc avg 60.69	lr 1e-05
[2021-01-04_20-32-55]    Epoch: [6][70/269]	Loss avg 0.67	Acc avg 60.82	lr 1e-05
[2021-01-04_20-32-59]    Epoch: [6][80/269]	Loss avg 0.67	Acc avg 60.58	lr 1e-05
[2021-01-04_20-33-02]    Epoch: [6][90/269]	Loss avg 0.67	Acc avg 60.72	lr 1e-05
[2021-01-04_20-33-05]    Epoch: [6][100/269]	Loss avg 0.67	Acc avg 60.78	lr 1e-05
[2021-01-04_20-33-09]    Epoch: [6][110/269]	Loss avg 0.66	Acc avg 60.85	lr 1e-05
[2021-01-04_20-33-12]    Epoch: [6][120/269]	Loss avg 0.67	Acc avg 60.75	lr 1e-05
[2021-01-04_20-33-16]    Epoch: [6][130/269]	Loss avg 0.67	Acc avg 60.74	lr 1e-05
[2021-01-04_20-33-19]    Epoch: [6][140/269]	Loss avg 0.67	Acc avg 60.72	lr 1e-05
[2021-01-04_20-33-23]    Epoch: [6][150/269]	Loss avg 0.67	Acc avg 60.77	lr 1e-05
[2021-01-04_20-33-26]    Epoch: [6][160/269]	Loss avg 0.67	Acc avg 60.71	lr 1e-05
[2021-01-04_20-33-30]    Epoch: [6][170/269]	Loss avg 0.67	Acc avg 60.69	lr 1e-05
[2021-01-04_20-33-33]    Epoch: [6][180/269]	Loss avg 0.67	Acc avg 60.65	lr 1e-05
[2021-01-04_20-33-36]    Epoch: [6][190/269]	Loss avg 0.67	Acc avg 60.67	lr 1e-05
[2021-01-04_20-33-40]    Epoch: [6][200/269]	Loss avg 0.67	Acc avg 60.66	lr 1e-05
[2021-01-04_20-33-43]    Epoch: [6][210/269]	Loss avg 0.66	Acc avg 60.67	lr 1e-05
[2021-01-04_20-33-46]    Epoch: [6][220/269]	Loss avg 0.66	Acc avg 60.69	lr 1e-05
[2021-01-04_20-33-50]    Epoch: [6][230/269]	Loss avg 0.66	Acc avg 60.74	lr 1e-05
[2021-01-04_20-33-53]    Epoch: [6][240/269]	Loss avg 0.66	Acc avg 60.71	lr 1e-05
[2021-01-04_20-33-56]    Epoch: [6][250/269]	Loss avg 0.66	Acc avg 60.70	lr 1e-05
[2021-01-04_20-34-00]    Epoch: [6][260/269]	Loss avg 0.66	Acc avg 60.70	lr 1e-05
[2021-01-04_20-34-57]     * Val acc 57.36
[2021-01-04_20-36-24]    Epoch: [7][0/269]	Loss avg 0.67	Acc avg 59.77	lr 1e-05
[2021-01-04_20-36-33]    Epoch: [7][10/269]	Loss avg 0.66	Acc avg 61.81	lr 1e-05
[2021-01-04_20-36-40]    Epoch: [7][20/269]	Loss avg 0.66	Acc avg 61.90	lr 1e-05
[2021-01-04_20-36-47]    Epoch: [7][30/269]	Loss avg 0.66	Acc avg 61.90	lr 1e-05
[2021-01-04_20-36-54]    Epoch: [7][40/269]	Loss avg 0.66	Acc avg 61.91	lr 1e-05
[2021-01-04_20-36-59]    Epoch: [7][50/269]	Loss avg 0.66	Acc avg 61.67	lr 1e-05
[2021-01-04_20-37-03]    Epoch: [7][60/269]	Loss avg 0.66	Acc avg 61.57	lr 1e-05
[2021-01-04_20-37-06]    Epoch: [7][70/269]	Loss avg 0.66	Acc avg 61.57	lr 1e-05
[2021-01-04_20-37-09]    Epoch: [7][80/269]	Loss avg 0.66	Acc avg 61.43	lr 1e-05
[2021-01-04_20-37-13]    Epoch: [7][90/269]	Loss avg 0.66	Acc avg 61.57	lr 1e-05
[2021-01-04_20-37-16]    Epoch: [7][100/269]	Loss avg 0.66	Acc avg 61.54	lr 1e-05
[2021-01-04_20-37-20]    Epoch: [7][110/269]	Loss avg 0.66	Acc avg 61.51	lr 1e-05
[2021-01-04_20-37-23]    Epoch: [7][120/269]	Loss avg 0.66	Acc avg 61.42	lr 1e-05
[2021-01-04_20-37-27]    Epoch: [7][130/269]	Loss avg 0.66	Acc avg 61.33	lr 1e-05
[2021-01-04_20-37-30]    Epoch: [7][140/269]	Loss avg 0.66	Acc avg 61.38	lr 1e-05
[2021-01-04_20-37-34]    Epoch: [7][150/269]	Loss avg 0.66	Acc avg 61.30	lr 1e-05
[2021-01-04_20-37-37]    Epoch: [7][160/269]	Loss avg 0.66	Acc avg 61.23	lr 1e-05
[2021-01-04_20-37-40]    Epoch: [7][170/269]	Loss avg 0.66	Acc avg 61.24	lr 1e-05
[2021-01-04_20-37-44]    Epoch: [7][180/269]	Loss avg 0.66	Acc avg 61.21	lr 1e-05
[2021-01-04_20-37-48]    Epoch: [7][190/269]	Loss avg 0.66	Acc avg 61.21	lr 1e-05
[2021-01-04_20-37-51]    Epoch: [7][200/269]	Loss avg 0.66	Acc avg 61.21	lr 1e-05
[2021-01-04_20-37-55]    Epoch: [7][210/269]	Loss avg 0.66	Acc avg 61.19	lr 1e-05
[2021-01-04_20-37-58]    Epoch: [7][220/269]	Loss avg 0.66	Acc avg 61.19	lr 1e-05
[2021-01-04_20-38-01]    Epoch: [7][230/269]	Loss avg 0.66	Acc avg 61.19	lr 1e-05
[2021-01-04_20-38-05]    Epoch: [7][240/269]	Loss avg 0.66	Acc avg 61.21	lr 1e-05
[2021-01-04_20-38-08]    Epoch: [7][250/269]	Loss avg 0.66	Acc avg 61.22	lr 1e-05
[2021-01-04_20-38-11]    Epoch: [7][260/269]	Loss avg 0.66	Acc avg 61.21	lr 1e-05
[2021-01-04_20-39-09]     * Val acc 55.64
[2021-01-04_20-40-36]    Epoch: [8][0/269]	Loss avg 0.66	Acc avg 65.23	lr 1e-05
[2021-01-04_20-40-43]    Epoch: [8][10/269]	Loss avg 0.65	Acc avg 62.07	lr 1e-05
[2021-01-04_20-40-51]    Epoch: [8][20/269]	Loss avg 0.65	Acc avg 61.17	lr 1e-05
[2021-01-04_20-40-57]    Epoch: [8][30/269]	Loss avg 0.65	Acc avg 61.50	lr 1e-05
[2021-01-04_20-41-05]    Epoch: [8][40/269]	Loss avg 0.65	Acc avg 61.47	lr 1e-05
[2021-01-04_20-41-11]    Epoch: [8][50/269]	Loss avg 0.65	Acc avg 61.44	lr 1e-05
[2021-01-04_20-41-14]    Epoch: [8][60/269]	Loss avg 0.65	Acc avg 61.49	lr 1e-05
[2021-01-04_20-41-18]    Epoch: [8][70/269]	Loss avg 0.65	Acc avg 61.53	lr 1e-05
[2021-01-04_20-41-21]    Epoch: [8][80/269]	Loss avg 0.65	Acc avg 61.50	lr 1e-05
[2021-01-04_20-41-24]    Epoch: [8][90/269]	Loss avg 0.65	Acc avg 61.54	lr 1e-05
[2021-01-04_20-41-28]    Epoch: [8][100/269]	Loss avg 0.65	Acc avg 61.55	lr 1e-05
[2021-01-04_20-41-32]    Epoch: [8][110/269]	Loss avg 0.65	Acc avg 61.48	lr 1e-05
[2021-01-04_20-41-35]    Epoch: [8][120/269]	Loss avg 0.65	Acc avg 61.42	lr 1e-05
[2021-01-04_20-41-39]    Epoch: [8][130/269]	Loss avg 0.65	Acc avg 61.46	lr 1e-05
[2021-01-04_20-41-42]    Epoch: [8][140/269]	Loss avg 0.65	Acc avg 61.45	lr 1e-05
[2021-01-04_20-41-45]    Epoch: [8][150/269]	Loss avg 0.65	Acc avg 61.45	lr 1e-05
[2021-01-04_20-41-48]    Epoch: [8][160/269]	Loss avg 0.65	Acc avg 61.42	lr 1e-05
[2021-01-04_20-41-52]    Epoch: [8][170/269]	Loss avg 0.65	Acc avg 61.40	lr 1e-05
[2021-01-04_20-41-55]    Epoch: [8][180/269]	Loss avg 0.65	Acc avg 61.41	lr 1e-05
[2021-01-04_20-41-58]    Epoch: [8][190/269]	Loss avg 0.65	Acc avg 61.42	lr 1e-05
[2021-01-04_20-42-02]    Epoch: [8][200/269]	Loss avg 0.65	Acc avg 61.44	lr 1e-05
[2021-01-04_20-42-05]    Epoch: [8][210/269]	Loss avg 0.65	Acc avg 61.47	lr 1e-05
[2021-01-04_20-42-09]    Epoch: [8][220/269]	Loss avg 0.65	Acc avg 61.47	lr 1e-05
[2021-01-04_20-42-12]    Epoch: [8][230/269]	Loss avg 0.65	Acc avg 61.52	lr 1e-05
[2021-01-04_20-42-15]    Epoch: [8][240/269]	Loss avg 0.65	Acc avg 61.55	lr 1e-05
[2021-01-04_20-42-19]    Epoch: [8][250/269]	Loss avg 0.65	Acc avg 61.54	lr 1e-05
[2021-01-04_20-42-22]    Epoch: [8][260/269]	Loss avg 0.65	Acc avg 61.61	lr 1e-05
[2021-01-04_20-43-19]     * Val acc 54.56
[2021-01-04_20-44-44]    Epoch: [9][0/269]	Loss avg 0.64	Acc avg 59.18	lr 1e-05
[2021-01-04_20-44-53]    Epoch: [9][10/269]	Loss avg 0.65	Acc avg 61.56	lr 1e-05
[2021-01-04_20-45-02]    Epoch: [9][20/269]	Loss avg 0.65	Acc avg 61.09	lr 1e-05
[2021-01-04_20-45-10]    Epoch: [9][30/269]	Loss avg 0.65	Acc avg 61.55	lr 1e-05
[2021-01-04_20-45-17]    Epoch: [9][40/269]	Loss avg 0.65	Acc avg 61.37	lr 1e-05
[2021-01-04_20-45-21]    Epoch: [9][50/269]	Loss avg 0.65	Acc avg 61.79	lr 1e-05
[2021-01-04_20-45-24]    Epoch: [9][60/269]	Loss avg 0.65	Acc avg 61.89	lr 1e-05
[2021-01-04_20-45-27]    Epoch: [9][70/269]	Loss avg 0.65	Acc avg 61.67	lr 1e-05
[2021-01-04_20-45-31]    Epoch: [9][80/269]	Loss avg 0.65	Acc avg 61.80	lr 1e-05
[2021-01-04_20-45-34]    Epoch: [9][90/269]	Loss avg 0.65	Acc avg 61.94	lr 1e-05
[2021-01-04_20-45-37]    Epoch: [9][100/269]	Loss avg 0.65	Acc avg 61.86	lr 1e-05
[2021-01-04_20-45-41]    Epoch: [9][110/269]	Loss avg 0.65	Acc avg 61.83	lr 1e-05
[2021-01-04_20-45-44]    Epoch: [9][120/269]	Loss avg 0.65	Acc avg 61.85	lr 1e-05
[2021-01-04_20-45-47]    Epoch: [9][130/269]	Loss avg 0.65	Acc avg 61.90	lr 1e-05
[2021-01-04_20-45-51]    Epoch: [9][140/269]	Loss avg 0.65	Acc avg 61.89	lr 1e-05
[2021-01-04_20-45-54]    Epoch: [9][150/269]	Loss avg 0.65	Acc avg 61.88	lr 1e-05
[2021-01-04_20-45-57]    Epoch: [9][160/269]	Loss avg 0.64	Acc avg 61.89	lr 1e-05
[2021-01-04_20-46-01]    Epoch: [9][170/269]	Loss avg 0.64	Acc avg 61.94	lr 1e-05
[2021-01-04_20-46-04]    Epoch: [9][180/269]	Loss avg 0.64	Acc avg 61.94	lr 1e-05
[2021-01-04_20-46-07]    Epoch: [9][190/269]	Loss avg 0.64	Acc avg 61.90	lr 1e-05
[2021-01-04_20-46-11]    Epoch: [9][200/269]	Loss avg 0.64	Acc avg 61.93	lr 1e-05
[2021-01-04_20-46-14]    Epoch: [9][210/269]	Loss avg 0.64	Acc avg 61.94	lr 1e-05
[2021-01-04_20-46-17]    Epoch: [9][220/269]	Loss avg 0.64	Acc avg 61.92	lr 1e-05
[2021-01-04_20-46-21]    Epoch: [9][230/269]	Loss avg 0.64	Acc avg 61.98	lr 1e-05
[2021-01-04_20-46-24]    Epoch: [9][240/269]	Loss avg 0.64	Acc avg 61.98	lr 1e-05
[2021-01-04_20-46-27]    Epoch: [9][250/269]	Loss avg 0.64	Acc avg 61.96	lr 1e-05
[2021-01-04_20-46-31]    Epoch: [9][260/269]	Loss avg 0.64	Acc avg 61.98	lr 1e-05
[2021-01-04_20-47-28]     * Val acc 55.57
[2021-01-04_20-48-54]    Epoch: [10][0/269]	Loss avg 0.64	Acc avg 60.16	lr 1e-05
[2021-01-04_20-49-02]    Epoch: [10][10/269]	Loss avg 0.64	Acc avg 62.77	lr 1e-05
[2021-01-04_20-49-11]    Epoch: [10][20/269]	Loss avg 0.64	Acc avg 62.22	lr 1e-05
[2021-01-04_20-49-20]    Epoch: [10][30/269]	Loss avg 0.64	Acc avg 62.04	lr 1e-05
[2021-01-04_20-49-26]    Epoch: [10][40/269]	Loss avg 0.64	Acc avg 62.27	lr 1e-05
[2021-01-04_20-49-30]    Epoch: [10][50/269]	Loss avg 0.64	Acc avg 62.26	lr 1e-05
[2021-01-04_20-49-34]    Epoch: [10][60/269]	Loss avg 0.64	Acc avg 62.38	lr 1e-05
[2021-01-04_20-49-37]    Epoch: [10][70/269]	Loss avg 0.64	Acc avg 62.33	lr 1e-05
[2021-01-04_20-49-40]    Epoch: [10][80/269]	Loss avg 0.64	Acc avg 62.19	lr 1e-05
[2021-01-04_20-49-43]    Epoch: [10][90/269]	Loss avg 0.64	Acc avg 62.12	lr 1e-05
[2021-01-04_20-49-47]    Epoch: [10][100/269]	Loss avg 0.64	Acc avg 62.10	lr 1e-05
[2021-01-04_20-49-50]    Epoch: [10][110/269]	Loss avg 0.64	Acc avg 62.04	lr 1e-05
[2021-01-04_20-49-54]    Epoch: [10][120/269]	Loss avg 0.64	Acc avg 62.08	lr 1e-05
[2021-01-04_20-49-57]    Epoch: [10][130/269]	Loss avg 0.64	Acc avg 62.11	lr 1e-05
[2021-01-04_20-50-01]    Epoch: [10][140/269]	Loss avg 0.64	Acc avg 62.12	lr 1e-05
[2021-01-04_20-50-04]    Epoch: [10][150/269]	Loss avg 0.64	Acc avg 62.07	lr 1e-05
[2021-01-04_20-50-07]    Epoch: [10][160/269]	Loss avg 0.64	Acc avg 62.11	lr 1e-05
[2021-01-04_20-50-11]    Epoch: [10][170/269]	Loss avg 0.64	Acc avg 62.13	lr 1e-05
[2021-01-04_20-50-14]    Epoch: [10][180/269]	Loss avg 0.64	Acc avg 62.12	lr 1e-05
[2021-01-04_20-50-18]    Epoch: [10][190/269]	Loss avg 0.64	Acc avg 62.12	lr 1e-05
[2021-01-04_20-50-21]    Epoch: [10][200/269]	Loss avg 0.64	Acc avg 62.14	lr 1e-05
[2021-01-04_20-50-25]    Epoch: [10][210/269]	Loss avg 0.64	Acc avg 62.09	lr 1e-05
[2021-01-04_20-50-28]    Epoch: [10][220/269]	Loss avg 0.64	Acc avg 62.11	lr 1e-05
[2021-01-04_20-50-31]    Epoch: [10][230/269]	Loss avg 0.64	Acc avg 62.12	lr 1e-05
[2021-01-04_20-50-35]    Epoch: [10][240/269]	Loss avg 0.64	Acc avg 62.12	lr 1e-05
[2021-01-04_20-50-38]    Epoch: [10][250/269]	Loss avg 0.64	Acc avg 62.15	lr 1e-05
[2021-01-04_20-50-42]    Epoch: [10][260/269]	Loss avg 0.64	Acc avg 62.17	lr 1e-05
[2021-01-04_20-51-38]     * Val acc 54.63
[2021-01-04_20-53-07]    Epoch: [11][0/269]	Loss avg 0.63	Acc avg 61.91	lr 1e-05
[2021-01-04_20-53-14]    Epoch: [11][10/269]	Loss avg 0.64	Acc avg 62.09	lr 1e-05
[2021-01-04_20-53-22]    Epoch: [11][20/269]	Loss avg 0.64	Acc avg 62.65	lr 1e-05
[2021-01-04_20-53-29]    Epoch: [11][30/269]	Loss avg 0.63	Acc avg 62.67	lr 1e-05
[2021-01-04_20-53-36]    Epoch: [11][40/269]	Loss avg 0.63	Acc avg 62.73	lr 1e-05
[2021-01-04_20-53-42]    Epoch: [11][50/269]	Loss avg 0.63	Acc avg 62.99	lr 1e-05
[2021-01-04_20-53-46]    Epoch: [11][60/269]	Loss avg 0.63	Acc avg 63.13	lr 1e-05
[2021-01-04_20-53-49]    Epoch: [11][70/269]	Loss avg 0.63	Acc avg 62.80	lr 1e-05
[2021-01-04_20-53-52]    Epoch: [11][80/269]	Loss avg 0.63	Acc avg 62.66	lr 1e-05
[2021-01-04_20-53-56]    Epoch: [11][90/269]	Loss avg 0.63	Acc avg 62.62	lr 1e-05
[2021-01-04_20-53-59]    Epoch: [11][100/269]	Loss avg 0.63	Acc avg 62.49	lr 1e-05
[2021-01-04_20-54-03]    Epoch: [11][110/269]	Loss avg 0.63	Acc avg 62.49	lr 1e-05
[2021-01-04_20-54-06]    Epoch: [11][120/269]	Loss avg 0.64	Acc avg 62.47	lr 1e-05
[2021-01-04_20-54-09]    Epoch: [11][130/269]	Loss avg 0.63	Acc avg 62.50	lr 1e-05
[2021-01-04_20-54-13]    Epoch: [11][140/269]	Loss avg 0.64	Acc avg 62.43	lr 1e-05
[2021-01-04_20-54-16]    Epoch: [11][150/269]	Loss avg 0.64	Acc avg 62.45	lr 1e-05
[2021-01-04_20-54-20]    Epoch: [11][160/269]	Loss avg 0.64	Acc avg 62.38	lr 1e-05
[2021-01-04_20-54-23]    Epoch: [11][170/269]	Loss avg 0.64	Acc avg 62.42	lr 1e-05
[2021-01-04_20-54-26]    Epoch: [11][180/269]	Loss avg 0.64	Acc avg 62.42	lr 1e-05
[2021-01-04_20-54-30]    Epoch: [11][190/269]	Loss avg 0.64	Acc avg 62.41	lr 1e-05
[2021-01-04_20-54-33]    Epoch: [11][200/269]	Loss avg 0.64	Acc avg 62.35	lr 1e-05
[2021-01-04_20-54-37]    Epoch: [11][210/269]	Loss avg 0.64	Acc avg 62.34	lr 1e-05
[2021-01-04_20-54-40]    Epoch: [11][220/269]	Loss avg 0.64	Acc avg 62.37	lr 1e-05
[2021-01-04_20-54-44]    Epoch: [11][230/269]	Loss avg 0.64	Acc avg 62.40	lr 1e-05
[2021-01-04_20-54-47]    Epoch: [11][240/269]	Loss avg 0.64	Acc avg 62.40	lr 1e-05
[2021-01-04_20-54-50]    Epoch: [11][250/269]	Loss avg 0.64	Acc avg 62.41	lr 1e-05
[2021-01-04_20-54-54]    Epoch: [11][260/269]	Loss avg 0.64	Acc avg 62.41	lr 1e-05
[2021-01-04_20-55-50]     * Val acc 51.44
[2021-01-04_20-57-15]    Epoch: [12][0/269]	Loss avg 0.61	Acc avg 63.48	lr 1e-05
[2021-01-04_20-57-24]    Epoch: [12][10/269]	Loss avg 0.63	Acc avg 63.23	lr 1e-05
[2021-01-04_20-57-33]    Epoch: [12][20/269]	Loss avg 0.63	Acc avg 63.06	lr 1e-05
[2021-01-04_20-57-42]    Epoch: [12][30/269]	Loss avg 0.63	Acc avg 62.89	lr 1e-05
[2021-01-04_20-57-50]    Epoch: [12][40/269]	Loss avg 0.63	Acc avg 62.83	lr 1e-05
[2021-01-04_20-57-53]    Epoch: [12][50/269]	Loss avg 0.63	Acc avg 62.82	lr 1e-05
[2021-01-04_20-57-57]    Epoch: [12][60/269]	Loss avg 0.63	Acc avg 62.88	lr 1e-05
[2021-01-04_20-58-00]    Epoch: [12][70/269]	Loss avg 0.63	Acc avg 62.83	lr 1e-05
[2021-01-04_20-58-03]    Epoch: [12][80/269]	Loss avg 0.63	Acc avg 62.77	lr 1e-05
[2021-01-04_20-58-07]    Epoch: [12][90/269]	Loss avg 0.63	Acc avg 62.82	lr 1e-05
[2021-01-04_20-58-10]    Epoch: [12][100/269]	Loss avg 0.63	Acc avg 62.75	lr 1e-05
[2021-01-04_20-58-13]    Epoch: [12][110/269]	Loss avg 0.63	Acc avg 62.71	lr 1e-05
[2021-01-04_20-58-17]    Epoch: [12][120/269]	Loss avg 0.63	Acc avg 62.71	lr 1e-05
[2021-01-04_20-58-20]    Epoch: [12][130/269]	Loss avg 0.63	Acc avg 62.56	lr 1e-05
[2021-01-04_20-58-24]    Epoch: [12][140/269]	Loss avg 0.63	Acc avg 62.58	lr 1e-05
[2021-01-04_20-58-27]    Epoch: [12][150/269]	Loss avg 0.63	Acc avg 62.60	lr 1e-05
[2021-01-04_20-58-30]    Epoch: [12][160/269]	Loss avg 0.63	Acc avg 62.58	lr 1e-05
[2021-01-04_20-58-34]    Epoch: [12][170/269]	Loss avg 0.63	Acc avg 62.63	lr 1e-05
[2021-01-04_20-58-37]    Epoch: [12][180/269]	Loss avg 0.63	Acc avg 62.63	lr 1e-05
[2021-01-04_20-58-41]    Epoch: [12][190/269]	Loss avg 0.63	Acc avg 62.70	lr 1e-05
[2021-01-04_20-58-44]    Epoch: [12][200/269]	Loss avg 0.63	Acc avg 62.78	lr 1e-05
[2021-01-04_20-58-47]    Epoch: [12][210/269]	Loss avg 0.63	Acc avg 62.75	lr 1e-05
[2021-01-04_20-58-51]    Epoch: [12][220/269]	Loss avg 0.63	Acc avg 62.76	lr 1e-05
[2021-01-04_20-58-54]    Epoch: [12][230/269]	Loss avg 0.63	Acc avg 62.79	lr 1e-05
[2021-01-04_20-58-57]    Epoch: [12][240/269]	Loss avg 0.63	Acc avg 62.71	lr 1e-05
[2021-01-04_20-59-01]    Epoch: [12][250/269]	Loss avg 0.63	Acc avg 62.67	lr 1e-05
[2021-01-04_20-59-04]    Epoch: [12][260/269]	Loss avg 0.63	Acc avg 62.68	lr 1e-05
[2021-01-04_21-00-02]     * Val acc 51.39
[2021-01-04_21-01-29]    Epoch: [13][0/269]	Loss avg 0.64	Acc avg 65.43	lr 1e-05
[2021-01-04_21-01-37]    Epoch: [13][10/269]	Loss avg 0.62	Acc avg 63.78	lr 1e-05
[2021-01-04_21-01-45]    Epoch: [13][20/269]	Loss avg 0.62	Acc avg 63.73	lr 1e-05
[2021-01-04_21-01-53]    Epoch: [13][30/269]	Loss avg 0.62	Acc avg 63.55	lr 1e-05
[2021-01-04_21-02-00]    Epoch: [13][40/269]	Loss avg 0.62	Acc avg 63.55	lr 1e-05
[2021-01-04_21-02-04]    Epoch: [13][50/269]	Loss avg 0.63	Acc avg 63.36	lr 1e-05
[2021-01-04_21-02-07]    Epoch: [13][60/269]	Loss avg 0.63	Acc avg 63.24	lr 1e-05
[2021-01-04_21-02-11]    Epoch: [13][70/269]	Loss avg 0.63	Acc avg 63.26	lr 1e-05
[2021-01-04_21-02-14]    Epoch: [13][80/269]	Loss avg 0.63	Acc avg 63.16	lr 1e-05
[2021-01-04_21-02-18]    Epoch: [13][90/269]	Loss avg 0.63	Acc avg 63.10	lr 1e-05
[2021-01-04_21-02-21]    Epoch: [13][100/269]	Loss avg 0.63	Acc avg 63.05	lr 1e-05
[2021-01-04_21-02-25]    Epoch: [13][110/269]	Loss avg 0.63	Acc avg 62.97	lr 1e-05
[2021-01-04_21-02-28]    Epoch: [13][120/269]	Loss avg 0.63	Acc avg 62.90	lr 1e-05
[2021-01-04_21-02-31]    Epoch: [13][130/269]	Loss avg 0.63	Acc avg 62.99	lr 1e-05
[2021-01-04_21-02-35]    Epoch: [13][140/269]	Loss avg 0.63	Acc avg 63.02	lr 1e-05
[2021-01-04_21-02-38]    Epoch: [13][150/269]	Loss avg 0.63	Acc avg 63.07	lr 1e-05
[2021-01-04_21-02-42]    Epoch: [13][160/269]	Loss avg 0.63	Acc avg 63.08	lr 1e-05
[2021-01-04_21-02-45]    Epoch: [13][170/269]	Loss avg 0.63	Acc avg 63.14	lr 1e-05
[2021-01-04_21-02-49]    Epoch: [13][180/269]	Loss avg 0.63	Acc avg 63.11	lr 1e-05
[2021-01-04_21-02-52]    Epoch: [13][190/269]	Loss avg 0.63	Acc avg 63.16	lr 1e-05
[2021-01-04_21-02-56]    Epoch: [13][200/269]	Loss avg 0.63	Acc avg 63.17	lr 1e-05
[2021-01-04_21-02-59]    Epoch: [13][210/269]	Loss avg 0.63	Acc avg 63.15	lr 1e-05
[2021-01-04_21-03-02]    Epoch: [13][220/269]	Loss avg 0.63	Acc avg 63.15	lr 1e-05
[2021-01-04_21-03-06]    Epoch: [13][230/269]	Loss avg 0.63	Acc avg 63.10	lr 1e-05
[2021-01-04_21-03-09]    Epoch: [13][240/269]	Loss avg 0.63	Acc avg 63.02	lr 1e-05
[2021-01-04_21-03-13]    Epoch: [13][250/269]	Loss avg 0.63	Acc avg 63.06	lr 1e-05
[2021-01-04_21-03-16]    Epoch: [13][260/269]	Loss avg 0.63	Acc avg 63.02	lr 1e-05
[2021-01-04_21-04-14]     * Val acc 53.42
[2021-01-04_21-05-38]    Epoch: [14][0/269]	Loss avg 0.62	Acc avg 62.89	lr 1e-05
[2021-01-04_21-05-46]    Epoch: [14][10/269]	Loss avg 0.61	Acc avg 64.90	lr 1e-05
[2021-01-04_21-05-55]    Epoch: [14][20/269]	Loss avg 0.62	Acc avg 63.90	lr 1e-05
[2021-01-04_21-06-04]    Epoch: [14][30/269]	Loss avg 0.62	Acc avg 64.01	lr 1e-05
[2021-01-04_21-06-11]    Epoch: [14][40/269]	Loss avg 0.62	Acc avg 63.94	lr 1e-05
[2021-01-04_21-06-15]    Epoch: [14][50/269]	Loss avg 0.62	Acc avg 63.99	lr 1e-05
[2021-01-04_21-06-18]    Epoch: [14][60/269]	Loss avg 0.62	Acc avg 63.91	lr 1e-05
[2021-01-04_21-06-22]    Epoch: [14][70/269]	Loss avg 0.62	Acc avg 63.73	lr 1e-05
[2021-01-04_21-06-25]    Epoch: [14][80/269]	Loss avg 0.62	Acc avg 63.71	lr 1e-05
[2021-01-04_21-06-28]    Epoch: [14][90/269]	Loss avg 0.62	Acc avg 63.99	lr 1e-05
[2021-01-04_21-06-32]    Epoch: [14][100/269]	Loss avg 0.62	Acc avg 63.90	lr 1e-05
[2021-01-04_21-06-35]    Epoch: [14][110/269]	Loss avg 0.62	Acc avg 63.83	lr 1e-05
[2021-01-04_21-06-39]    Epoch: [14][120/269]	Loss avg 0.62	Acc avg 63.81	lr 1e-05
[2021-01-04_21-06-42]    Epoch: [14][130/269]	Loss avg 0.62	Acc avg 63.77	lr 1e-05
[2021-01-04_21-06-46]    Epoch: [14][140/269]	Loss avg 0.62	Acc avg 63.75	lr 1e-05
[2021-01-04_21-06-49]    Epoch: [14][150/269]	Loss avg 0.62	Acc avg 63.69	lr 1e-05
[2021-01-04_21-06-53]    Epoch: [14][160/269]	Loss avg 0.62	Acc avg 63.69	lr 1e-05
[2021-01-04_21-06-56]    Epoch: [14][170/269]	Loss avg 0.62	Acc avg 63.62	lr 1e-05
[2021-01-04_21-07-00]    Epoch: [14][180/269]	Loss avg 0.62	Acc avg 63.57	lr 1e-05
[2021-01-04_21-07-03]    Epoch: [14][190/269]	Loss avg 0.62	Acc avg 63.58	lr 1e-05
[2021-01-04_21-07-07]    Epoch: [14][200/269]	Loss avg 0.62	Acc avg 63.61	lr 1e-05
[2021-01-04_21-07-10]    Epoch: [14][210/269]	Loss avg 0.62	Acc avg 63.59	lr 1e-05
[2021-01-04_21-07-13]    Epoch: [14][220/269]	Loss avg 0.62	Acc avg 63.57	lr 1e-05
[2021-01-04_21-07-17]    Epoch: [14][230/269]	Loss avg 0.62	Acc avg 63.56	lr 1e-05
[2021-01-04_21-07-20]    Epoch: [14][240/269]	Loss avg 0.62	Acc avg 63.57	lr 1e-05
[2021-01-04_21-07-24]    Epoch: [14][250/269]	Loss avg 0.62	Acc avg 63.57	lr 1e-05
[2021-01-04_21-07-27]    Epoch: [14][260/269]	Loss avg 0.62	Acc avg 63.50	lr 1e-05
[2021-01-04_21-08-25]     * Val acc 55.91
[2021-01-04_21-09-51]    Epoch: [15][0/269]	Loss avg 0.63	Acc avg 60.55	lr 1e-05
[2021-01-04_21-10-01]    Epoch: [15][10/269]	Loss avg 0.62	Acc avg 63.48	lr 1e-05
[2021-01-04_21-10-09]    Epoch: [15][20/269]	Loss avg 0.62	Acc avg 64.17	lr 1e-05
[2021-01-04_21-10-17]    Epoch: [15][30/269]	Loss avg 0.62	Acc avg 63.94	lr 1e-05
[2021-01-04_21-10-25]    Epoch: [15][40/269]	Loss avg 0.62	Acc avg 64.01	lr 1e-05
[2021-01-04_21-10-28]    Epoch: [15][50/269]	Loss avg 0.62	Acc avg 63.91	lr 1e-05
[2021-01-04_21-10-32]    Epoch: [15][60/269]	Loss avg 0.62	Acc avg 63.73	lr 1e-05
[2021-01-04_21-10-35]    Epoch: [15][70/269]	Loss avg 0.62	Acc avg 63.61	lr 1e-05
[2021-01-04_21-10-38]    Epoch: [15][80/269]	Loss avg 0.62	Acc avg 63.65	lr 1e-05
[2021-01-04_21-10-42]    Epoch: [15][90/269]	Loss avg 0.62	Acc avg 63.68	lr 1e-05
[2021-01-04_21-10-45]    Epoch: [15][100/269]	Loss avg 0.62	Acc avg 63.67	lr 1e-05
[2021-01-04_21-10-48]    Epoch: [15][110/269]	Loss avg 0.62	Acc avg 63.67	lr 1e-05
[2021-01-04_21-10-52]    Epoch: [15][120/269]	Loss avg 0.62	Acc avg 63.69	lr 1e-05
[2021-01-04_21-10-55]    Epoch: [15][130/269]	Loss avg 0.62	Acc avg 63.66	lr 1e-05
[2021-01-04_21-10-59]    Epoch: [15][140/269]	Loss avg 0.62	Acc avg 63.57	lr 1e-05
[2021-01-04_21-11-02]    Epoch: [15][150/269]	Loss avg 0.62	Acc avg 63.53	lr 1e-05
[2021-01-04_21-11-05]    Epoch: [15][160/269]	Loss avg 0.62	Acc avg 63.46	lr 1e-05
[2021-01-04_21-11-09]    Epoch: [15][170/269]	Loss avg 0.62	Acc avg 63.44	lr 1e-05
[2021-01-04_21-11-12]    Epoch: [15][180/269]	Loss avg 0.62	Acc avg 63.49	lr 1e-05
[2021-01-04_21-11-16]    Epoch: [15][190/269]	Loss avg 0.62	Acc avg 63.45	lr 1e-05
[2021-01-04_21-11-19]    Epoch: [15][200/269]	Loss avg 0.62	Acc avg 63.45	lr 1e-05
[2021-01-04_21-11-22]    Epoch: [15][210/269]	Loss avg 0.62	Acc avg 63.45	lr 1e-05
[2021-01-04_21-11-26]    Epoch: [15][220/269]	Loss avg 0.62	Acc avg 63.44	lr 1e-05
[2021-01-04_21-11-29]    Epoch: [15][230/269]	Loss avg 0.62	Acc avg 63.43	lr 1e-05
[2021-01-04_21-11-33]    Epoch: [15][240/269]	Loss avg 0.62	Acc avg 63.45	lr 1e-05
[2021-01-04_21-11-36]    Epoch: [15][250/269]	Loss avg 0.62	Acc avg 63.48	lr 1e-05
[2021-01-04_21-11-39]    Epoch: [15][260/269]	Loss avg 0.62	Acc avg 63.49	lr 1e-05
[2021-01-04_21-12-37]     * Val acc 52.74
[2021-01-04_21-14-03]    Epoch: [16][0/269]	Loss avg 0.64	Acc avg 60.35	lr 1e-05
[2021-01-04_21-14-12]    Epoch: [16][10/269]	Loss avg 0.63	Acc avg 63.07	lr 1e-05
[2021-01-04_21-14-20]    Epoch: [16][20/269]	Loss avg 0.62	Acc avg 64.00	lr 1e-05
[2021-01-04_21-14-29]    Epoch: [16][30/269]	Loss avg 0.62	Acc avg 63.66	lr 1e-05
[2021-01-04_21-14-35]    Epoch: [16][40/269]	Loss avg 0.62	Acc avg 63.73	lr 1e-05
[2021-01-04_21-14-39]    Epoch: [16][50/269]	Loss avg 0.62	Acc avg 63.52	lr 1e-05
[2021-01-04_21-14-42]    Epoch: [16][60/269]	Loss avg 0.62	Acc avg 63.41	lr 1e-05
[2021-01-04_21-14-45]    Epoch: [16][70/269]	Loss avg 0.62	Acc avg 63.52	lr 1e-05
[2021-01-04_21-14-49]    Epoch: [16][80/269]	Loss avg 0.62	Acc avg 63.52	lr 1e-05
[2021-01-04_21-14-52]    Epoch: [16][90/269]	Loss avg 0.62	Acc avg 63.49	lr 1e-05
[2021-01-04_21-14-56]    Epoch: [16][100/269]	Loss avg 0.62	Acc avg 63.46	lr 1e-05
[2021-01-04_21-14-59]    Epoch: [16][110/269]	Loss avg 0.62	Acc avg 63.47	lr 1e-05
[2021-01-04_21-15-02]    Epoch: [16][120/269]	Loss avg 0.62	Acc avg 63.46	lr 1e-05
[2021-01-04_21-15-06]    Epoch: [16][130/269]	Loss avg 0.62	Acc avg 63.49	lr 1e-05
[2021-01-04_21-15-09]    Epoch: [16][140/269]	Loss avg 0.62	Acc avg 63.48	lr 1e-05
[2021-01-04_21-15-13]    Epoch: [16][150/269]	Loss avg 0.62	Acc avg 63.46	lr 1e-05
[2021-01-04_21-15-16]    Epoch: [16][160/269]	Loss avg 0.62	Acc avg 63.46	lr 1e-05
[2021-01-04_21-15-20]    Epoch: [16][170/269]	Loss avg 0.62	Acc avg 63.48	lr 1e-05
[2021-01-04_21-15-23]    Epoch: [16][180/269]	Loss avg 0.62	Acc avg 63.48	lr 1e-05
[2021-01-04_21-15-26]    Epoch: [16][190/269]	Loss avg 0.62	Acc avg 63.50	lr 1e-05
[2021-01-04_21-15-30]    Epoch: [16][200/269]	Loss avg 0.62	Acc avg 63.62	lr 1e-05
[2021-01-04_21-15-33]    Epoch: [16][210/269]	Loss avg 0.62	Acc avg 63.67	lr 1e-05
[2021-01-04_21-15-36]    Epoch: [16][220/269]	Loss avg 0.62	Acc avg 63.67	lr 1e-05
[2021-01-04_21-15-40]    Epoch: [16][230/269]	Loss avg 0.62	Acc avg 63.70	lr 1e-05
[2021-01-04_21-15-43]    Epoch: [16][240/269]	Loss avg 0.62	Acc avg 63.70	lr 1e-05
[2021-01-04_21-15-46]    Epoch: [16][250/269]	Loss avg 0.62	Acc avg 63.70	lr 1e-05
[2021-01-04_21-15-50]    Epoch: [16][260/269]	Loss avg 0.62	Acc avg 63.69	lr 1e-05
[2021-01-04_21-16-48]     * Val acc 54.35
[2021-01-04_21-18-13]    Epoch: [17][0/269]	Loss avg 0.61	Acc avg 63.87	lr 1e-05
[2021-01-04_21-18-22]    Epoch: [17][10/269]	Loss avg 0.62	Acc avg 64.24	lr 1e-05
[2021-01-04_21-18-30]    Epoch: [17][20/269]	Loss avg 0.62	Acc avg 64.18	lr 1e-05
[2021-01-04_21-18-39]    Epoch: [17][30/269]	Loss avg 0.62	Acc avg 63.88	lr 1e-05
[2021-01-04_21-18-48]    Epoch: [17][40/269]	Loss avg 0.62	Acc avg 63.93	lr 1e-05
[2021-01-04_21-18-51]    Epoch: [17][50/269]	Loss avg 0.62	Acc avg 63.84	lr 1e-05
[2021-01-04_21-18-55]    Epoch: [17][60/269]	Loss avg 0.62	Acc avg 63.80	lr 1e-05
[2021-01-04_21-18-58]    Epoch: [17][70/269]	Loss avg 0.61	Acc avg 63.97	lr 1e-05
[2021-01-04_21-19-02]    Epoch: [17][80/269]	Loss avg 0.62	Acc avg 63.78	lr 1e-05
[2021-01-04_21-19-05]    Epoch: [17][90/269]	Loss avg 0.62	Acc avg 63.61	lr 1e-05
[2021-01-04_21-19-09]    Epoch: [17][100/269]	Loss avg 0.62	Acc avg 63.62	lr 1e-05
[2021-01-04_21-19-12]    Epoch: [17][110/269]	Loss avg 0.62	Acc avg 63.59	lr 1e-05
[2021-01-04_21-19-16]    Epoch: [17][120/269]	Loss avg 0.62	Acc avg 63.66	lr 1e-05
[2021-01-04_21-19-19]    Epoch: [17][130/269]	Loss avg 0.62	Acc avg 63.68	lr 1e-05
[2021-01-04_21-19-23]    Epoch: [17][140/269]	Loss avg 0.62	Acc avg 63.75	lr 1e-05
[2021-01-04_21-19-26]    Epoch: [17][150/269]	Loss avg 0.62	Acc avg 63.79	lr 1e-05
[2021-01-04_21-19-29]    Epoch: [17][160/269]	Loss avg 0.62	Acc avg 63.71	lr 1e-05
[2021-01-04_21-19-33]    Epoch: [17][170/269]	Loss avg 0.62	Acc avg 63.73	lr 1e-05
[2021-01-04_21-19-36]    Epoch: [17][180/269]	Loss avg 0.62	Acc avg 63.75	lr 1e-05
[2021-01-04_21-19-39]    Epoch: [17][190/269]	Loss avg 0.62	Acc avg 63.82	lr 1e-05
[2021-01-04_21-19-43]    Epoch: [17][200/269]	Loss avg 0.62	Acc avg 63.87	lr 1e-05
[2021-01-04_21-19-46]    Epoch: [17][210/269]	Loss avg 0.62	Acc avg 63.91	lr 1e-05
[2021-01-04_21-19-50]    Epoch: [17][220/269]	Loss avg 0.61	Acc avg 63.94	lr 1e-05
[2021-01-04_21-19-53]    Epoch: [17][230/269]	Loss avg 0.61	Acc avg 63.98	lr 1e-05
[2021-01-04_21-19-56]    Epoch: [17][240/269]	Loss avg 0.62	Acc avg 63.94	lr 1e-05
[2021-01-04_21-20-00]    Epoch: [17][250/269]	Loss avg 0.62	Acc avg 63.88	lr 1e-05
[2021-01-04_21-20-03]    Epoch: [17][260/269]	Loss avg 0.62	Acc avg 63.89	lr 1e-05
[2021-01-04_21-21-02]     * Val acc 55.72
[2021-01-04_21-22-29]    Epoch: [18][0/269]	Loss avg 0.63	Acc avg 61.52	lr 1e-05
[2021-01-04_21-22-38]    Epoch: [18][10/269]	Loss avg 0.61	Acc avg 63.39	lr 1e-05
[2021-01-04_21-22-46]    Epoch: [18][20/269]	Loss avg 0.62	Acc avg 63.06	lr 1e-05
[2021-01-04_21-22-54]    Epoch: [18][30/269]	Loss avg 0.62	Acc avg 63.39	lr 1e-05
[2021-01-04_21-23-00]    Epoch: [18][40/269]	Loss avg 0.61	Acc avg 63.70	lr 1e-05
[2021-01-04_21-23-04]    Epoch: [18][50/269]	Loss avg 0.61	Acc avg 63.74	lr 1e-05
[2021-01-04_21-23-08]    Epoch: [18][60/269]	Loss avg 0.61	Acc avg 63.97	lr 1e-05
[2021-01-04_21-23-11]    Epoch: [18][70/269]	Loss avg 0.61	Acc avg 63.86	lr 1e-05
[2021-01-04_21-23-14]    Epoch: [18][80/269]	Loss avg 0.61	Acc avg 63.86	lr 1e-05
[2021-01-04_21-23-18]    Epoch: [18][90/269]	Loss avg 0.61	Acc avg 63.95	lr 1e-05
[2021-01-04_21-23-21]    Epoch: [18][100/269]	Loss avg 0.61	Acc avg 64.06	lr 1e-05
[2021-01-04_21-23-24]    Epoch: [18][110/269]	Loss avg 0.61	Acc avg 63.99	lr 1e-05
[2021-01-04_21-23-28]    Epoch: [18][120/269]	Loss avg 0.61	Acc avg 64.09	lr 1e-05
[2021-01-04_21-23-31]    Epoch: [18][130/269]	Loss avg 0.61	Acc avg 64.16	lr 1e-05
[2021-01-04_21-23-35]    Epoch: [18][140/269]	Loss avg 0.61	Acc avg 64.13	lr 1e-05
[2021-01-04_21-23-38]    Epoch: [18][150/269]	Loss avg 0.61	Acc avg 64.12	lr 1e-05
[2021-01-04_21-23-42]    Epoch: [18][160/269]	Loss avg 0.61	Acc avg 64.17	lr 1e-05
[2021-01-04_21-23-45]    Epoch: [18][170/269]	Loss avg 0.61	Acc avg 64.22	lr 1e-05
[2021-01-04_21-23-48]    Epoch: [18][180/269]	Loss avg 0.61	Acc avg 64.27	lr 1e-05
[2021-01-04_21-23-52]    Epoch: [18][190/269]	Loss avg 0.61	Acc avg 64.25	lr 1e-05
[2021-01-04_21-23-55]    Epoch: [18][200/269]	Loss avg 0.61	Acc avg 64.27	lr 1e-05
[2021-01-04_21-23-58]    Epoch: [18][210/269]	Loss avg 0.61	Acc avg 64.23	lr 1e-05
[2021-01-04_21-24-02]    Epoch: [18][220/269]	Loss avg 0.61	Acc avg 64.27	lr 1e-05
[2021-01-04_21-24-05]    Epoch: [18][230/269]	Loss avg 0.61	Acc avg 64.28	lr 1e-05
[2021-01-04_21-24-09]    Epoch: [18][240/269]	Loss avg 0.61	Acc avg 64.25	lr 1e-05
[2021-01-04_21-24-12]    Epoch: [18][250/269]	Loss avg 0.61	Acc avg 64.30	lr 1e-05
[2021-01-04_21-24-15]    Epoch: [18][260/269]	Loss avg 0.61	Acc avg 64.30	lr 1e-05
[2021-01-04_21-25-14]     * Val acc 51.22
[2021-01-04_21-26-40]    Epoch: [19][0/269]	Loss avg 0.59	Acc avg 63.67	lr 1e-05
[2021-01-04_21-26-48]    Epoch: [19][10/269]	Loss avg 0.61	Acc avg 63.39	lr 1e-05
[2021-01-04_21-26-57]    Epoch: [19][20/269]	Loss avg 0.62	Acc avg 63.68	lr 1e-05
[2021-01-04_21-27-05]    Epoch: [19][30/269]	Loss avg 0.62	Acc avg 63.56	lr 1e-05
[2021-01-04_21-27-12]    Epoch: [19][40/269]	Loss avg 0.62	Acc avg 63.59	lr 1e-05
[2021-01-04_21-27-16]    Epoch: [19][50/269]	Loss avg 0.62	Acc avg 63.68	lr 1e-05
[2021-01-04_21-27-19]    Epoch: [19][60/269]	Loss avg 0.62	Acc avg 63.71	lr 1e-05
[2021-01-04_21-27-22]    Epoch: [19][70/269]	Loss avg 0.61	Acc avg 63.74	lr 1e-05
[2021-01-04_21-27-25]    Epoch: [19][80/269]	Loss avg 0.61	Acc avg 63.81	lr 1e-05
[2021-01-04_21-27-29]    Epoch: [19][90/269]	Loss avg 0.61	Acc avg 63.81	lr 1e-05
[2021-01-04_21-27-32]    Epoch: [19][100/269]	Loss avg 0.62	Acc avg 63.64	lr 1e-05
[2021-01-04_21-27-35]    Epoch: [19][110/269]	Loss avg 0.62	Acc avg 63.74	lr 1e-05
[2021-01-04_21-27-38]    Epoch: [19][120/269]	Loss avg 0.62	Acc avg 63.76	lr 1e-05
[2021-01-04_21-27-41]    Epoch: [19][130/269]	Loss avg 0.61	Acc avg 63.69	lr 1e-05
[2021-01-04_21-27-44]    Epoch: [19][140/269]	Loss avg 0.61	Acc avg 63.72	lr 1e-05
[2021-01-04_21-27-47]    Epoch: [19][150/269]	Loss avg 0.61	Acc avg 63.78	lr 1e-05
[2021-01-04_21-27-50]    Epoch: [19][160/269]	Loss avg 0.61	Acc avg 63.81	lr 1e-05
[2021-01-04_21-27-53]    Epoch: [19][170/269]	Loss avg 0.61	Acc avg 63.80	lr 1e-05
[2021-01-04_21-27-57]    Epoch: [19][180/269]	Loss avg 0.61	Acc avg 63.78	lr 1e-05
[2021-01-04_21-28-00]    Epoch: [19][190/269]	Loss avg 0.61	Acc avg 63.82	lr 1e-05
[2021-01-04_21-28-04]    Epoch: [19][200/269]	Loss avg 0.61	Acc avg 63.87	lr 1e-05
[2021-01-04_21-28-07]    Epoch: [19][210/269]	Loss avg 0.61	Acc avg 63.87	lr 1e-05
[2021-01-04_21-28-11]    Epoch: [19][220/269]	Loss avg 0.61	Acc avg 63.92	lr 1e-05
[2021-01-04_21-28-14]    Epoch: [19][230/269]	Loss avg 0.61	Acc avg 63.95	lr 1e-05
[2021-01-04_21-28-17]    Epoch: [19][240/269]	Loss avg 0.61	Acc avg 63.98	lr 1e-05
[2021-01-04_21-28-21]    Epoch: [19][250/269]	Loss avg 0.61	Acc avg 63.99	lr 1e-05
[2021-01-04_21-28-24]    Epoch: [19][260/269]	Loss avg 0.61	Acc avg 64.04	lr 1e-05
[2021-01-04_21-29-23]     * Val acc 52.98
[2021-01-04_21-30-51]    Epoch: [20][0/269]	Loss avg 0.60	Acc avg 65.62	lr 1e-05
[2021-01-04_21-30-59]    Epoch: [20][10/269]	Loss avg 0.60	Acc avg 65.52	lr 1e-05
[2021-01-04_21-31-07]    Epoch: [20][20/269]	Loss avg 0.61	Acc avg 65.04	lr 1e-05
[2021-01-04_21-31-16]    Epoch: [20][30/269]	Loss avg 0.61	Acc avg 64.85	lr 1e-05
[2021-01-04_21-31-23]    Epoch: [20][40/269]	Loss avg 0.61	Acc avg 64.63	lr 1e-05
[2021-01-04_21-31-26]    Epoch: [20][50/269]	Loss avg 0.61	Acc avg 64.60	lr 1e-05
[2021-01-04_21-31-29]    Epoch: [20][60/269]	Loss avg 0.61	Acc avg 64.70	lr 1e-05
[2021-01-04_21-31-33]    Epoch: [20][70/269]	Loss avg 0.61	Acc avg 64.38	lr 1e-05
[2021-01-04_21-31-36]    Epoch: [20][80/269]	Loss avg 0.61	Acc avg 64.33	lr 1e-05
[2021-01-04_21-31-39]    Epoch: [20][90/269]	Loss avg 0.61	Acc avg 64.43	lr 1e-05
[2021-01-04_21-31-43]    Epoch: [20][100/269]	Loss avg 0.61	Acc avg 64.47	lr 1e-05
[2021-01-04_21-31-46]    Epoch: [20][110/269]	Loss avg 0.61	Acc avg 64.59	lr 1e-05
[2021-01-04_21-31-50]    Epoch: [20][120/269]	Loss avg 0.61	Acc avg 64.56	lr 1e-05
[2021-01-04_21-31-53]    Epoch: [20][130/269]	Loss avg 0.61	Acc avg 64.52	lr 1e-05
[2021-01-04_21-31-56]    Epoch: [20][140/269]	Loss avg 0.61	Acc avg 64.47	lr 1e-05
[2021-01-04_21-32-00]    Epoch: [20][150/269]	Loss avg 0.61	Acc avg 64.42	lr 1e-05
[2021-01-04_21-32-04]    Epoch: [20][160/269]	Loss avg 0.61	Acc avg 64.45	lr 1e-05
[2021-01-04_21-32-07]    Epoch: [20][170/269]	Loss avg 0.61	Acc avg 64.37	lr 1e-05
[2021-01-04_21-32-10]    Epoch: [20][180/269]	Loss avg 0.61	Acc avg 64.33	lr 1e-05
[2021-01-04_21-32-14]    Epoch: [20][190/269]	Loss avg 0.61	Acc avg 64.38	lr 1e-05
[2021-01-04_21-32-17]    Epoch: [20][200/269]	Loss avg 0.61	Acc avg 64.40	lr 1e-05
[2021-01-04_21-32-21]    Epoch: [20][210/269]	Loss avg 0.61	Acc avg 64.39	lr 1e-05
[2021-01-04_21-32-24]    Epoch: [20][220/269]	Loss avg 0.61	Acc avg 64.42	lr 1e-05
[2021-01-04_21-32-28]    Epoch: [20][230/269]	Loss avg 0.61	Acc avg 64.49	lr 1e-05
[2021-01-04_21-32-31]    Epoch: [20][240/269]	Loss avg 0.61	Acc avg 64.50	lr 1e-05
[2021-01-04_21-32-34]    Epoch: [20][250/269]	Loss avg 0.61	Acc avg 64.45	lr 1e-05
[2021-01-04_21-32-38]    Epoch: [20][260/269]	Loss avg 0.61	Acc avg 64.44	lr 1e-05
[2021-01-04_21-33-37]     * Val acc 54.25
[2021-01-04_21-35-04]    Epoch: [21][0/269]	Loss avg 0.63	Acc avg 60.74	lr 1e-05
[2021-01-04_21-35-14]    Epoch: [21][10/269]	Loss avg 0.61	Acc avg 65.00	lr 1e-05
[2021-01-04_21-35-22]    Epoch: [21][20/269]	Loss avg 0.61	Acc avg 64.77	lr 1e-05
[2021-01-04_21-35-31]    Epoch: [21][30/269]	Loss avg 0.61	Acc avg 64.99	lr 1e-05
[2021-01-04_21-35-37]    Epoch: [21][40/269]	Loss avg 0.61	Acc avg 64.82	lr 1e-05
[2021-01-04_21-35-41]    Epoch: [21][50/269]	Loss avg 0.61	Acc avg 64.91	lr 1e-05
[2021-01-04_21-35-44]    Epoch: [21][60/269]	Loss avg 0.61	Acc avg 64.68	lr 1e-05
[2021-01-04_21-35-48]    Epoch: [21][70/269]	Loss avg 0.61	Acc avg 64.77	lr 1e-05
[2021-01-04_21-35-51]    Epoch: [21][80/269]	Loss avg 0.61	Acc avg 64.82	lr 1e-05
[2021-01-04_21-35-54]    Epoch: [21][90/269]	Loss avg 0.61	Acc avg 64.83	lr 1e-05
[2021-01-04_21-35-58]    Epoch: [21][100/269]	Loss avg 0.61	Acc avg 64.89	lr 1e-05
[2021-01-04_21-36-01]    Epoch: [21][110/269]	Loss avg 0.61	Acc avg 64.89	lr 1e-05
[2021-01-04_21-36-05]    Epoch: [21][120/269]	Loss avg 0.61	Acc avg 64.89	lr 1e-05
[2021-01-04_21-36-08]    Epoch: [21][130/269]	Loss avg 0.61	Acc avg 64.92	lr 1e-05
[2021-01-04_21-36-12]    Epoch: [21][140/269]	Loss avg 0.60	Acc avg 64.92	lr 1e-05
[2021-01-04_21-36-15]    Epoch: [21][150/269]	Loss avg 0.60	Acc avg 64.88	lr 1e-05
[2021-01-04_21-36-19]    Epoch: [21][160/269]	Loss avg 0.60	Acc avg 64.81	lr 1e-05
[2021-01-04_21-36-22]    Epoch: [21][170/269]	Loss avg 0.60	Acc avg 64.81	lr 1e-05
[2021-01-04_21-36-25]    Epoch: [21][180/269]	Loss avg 0.61	Acc avg 64.84	lr 1e-05
[2021-01-04_21-36-29]    Epoch: [21][190/269]	Loss avg 0.61	Acc avg 64.83	lr 1e-05
[2021-01-04_21-36-32]    Epoch: [21][200/269]	Loss avg 0.61	Acc avg 64.79	lr 1e-05
[2021-01-04_21-36-36]    Epoch: [21][210/269]	Loss avg 0.61	Acc avg 64.79	lr 1e-05
[2021-01-04_21-36-39]    Epoch: [21][220/269]	Loss avg 0.61	Acc avg 64.73	lr 1e-05
[2021-01-04_21-36-42]    Epoch: [21][230/269]	Loss avg 0.61	Acc avg 64.69	lr 1e-05
[2021-01-04_21-36-46]    Epoch: [21][240/269]	Loss avg 0.61	Acc avg 64.70	lr 1e-05
[2021-01-04_21-36-49]    Epoch: [21][250/269]	Loss avg 0.61	Acc avg 64.67	lr 1e-05
[2021-01-04_21-36-52]    Epoch: [21][260/269]	Loss avg 0.61	Acc avg 64.69	lr 1e-05
[2021-01-04_21-37-51]     * Val acc 56.45
[2021-01-04_21-39-18]    Epoch: [22][0/269]	Loss avg 0.62	Acc avg 62.70	lr 1e-05
[2021-01-04_21-39-26]    Epoch: [22][10/269]	Loss avg 0.60	Acc avg 64.61	lr 1e-05
[2021-01-04_21-39-34]    Epoch: [22][20/269]	Loss avg 0.60	Acc avg 64.82	lr 1e-05
[2021-01-04_21-39-43]    Epoch: [22][30/269]	Loss avg 0.60	Acc avg 65.05	lr 1e-05
[2021-01-04_21-39-51]    Epoch: [22][40/269]	Loss avg 0.60	Acc avg 65.04	lr 1e-05
[2021-01-04_21-39-54]    Epoch: [22][50/269]	Loss avg 0.60	Acc avg 65.21	lr 1e-05
[2021-01-04_21-39-57]    Epoch: [22][60/269]	Loss avg 0.60	Acc avg 65.06	lr 1e-05
[2021-01-04_21-40-01]    Epoch: [22][70/269]	Loss avg 0.60	Acc avg 65.06	lr 1e-05
[2021-01-04_21-40-04]    Epoch: [22][80/269]	Loss avg 0.60	Acc avg 65.05	lr 1e-05
[2021-01-04_21-40-07]    Epoch: [22][90/269]	Loss avg 0.60	Acc avg 64.83	lr 1e-05
[2021-01-04_21-40-11]    Epoch: [22][100/269]	Loss avg 0.60	Acc avg 64.88	lr 1e-05
[2021-01-04_21-40-14]    Epoch: [22][110/269]	Loss avg 0.60	Acc avg 64.90	lr 1e-05
[2021-01-04_21-40-17]    Epoch: [22][120/269]	Loss avg 0.60	Acc avg 64.81	lr 1e-05
[2021-01-04_21-40-20]    Epoch: [22][130/269]	Loss avg 0.60	Acc avg 64.87	lr 1e-05
[2021-01-04_21-40-24]    Epoch: [22][140/269]	Loss avg 0.60	Acc avg 64.84	lr 1e-05
[2021-01-04_21-40-27]    Epoch: [22][150/269]	Loss avg 0.60	Acc avg 64.93	lr 1e-05
[2021-01-04_21-40-31]    Epoch: [22][160/269]	Loss avg 0.60	Acc avg 64.93	lr 1e-05
[2021-01-04_21-40-34]    Epoch: [22][170/269]	Loss avg 0.60	Acc avg 64.97	lr 1e-05
[2021-01-04_21-40-37]    Epoch: [22][180/269]	Loss avg 0.60	Acc avg 64.95	lr 1e-05
[2021-01-04_21-40-41]    Epoch: [22][190/269]	Loss avg 0.60	Acc avg 64.89	lr 1e-05
[2021-01-04_21-40-44]    Epoch: [22][200/269]	Loss avg 0.60	Acc avg 64.88	lr 1e-05
[2021-01-04_21-40-47]    Epoch: [22][210/269]	Loss avg 0.60	Acc avg 64.88	lr 1e-05
[2021-01-04_21-40-51]    Epoch: [22][220/269]	Loss avg 0.60	Acc avg 64.92	lr 1e-05
[2021-01-04_21-40-54]    Epoch: [22][230/269]	Loss avg 0.60	Acc avg 64.98	lr 1e-05
[2021-01-04_21-40-57]    Epoch: [22][240/269]	Loss avg 0.60	Acc avg 64.99	lr 1e-05
[2021-01-04_21-41-01]    Epoch: [22][250/269]	Loss avg 0.60	Acc avg 64.98	lr 1e-05
[2021-01-04_21-41-04]    Epoch: [22][260/269]	Loss avg 0.60	Acc avg 64.95	lr 1e-05
[2021-01-04_21-42-03]     * Val acc 53.24
[2021-01-04_21-43-30]    Epoch: [23][0/269]	Loss avg 0.58	Acc avg 68.36	lr 1e-05
[2021-01-04_21-43-38]    Epoch: [23][10/269]	Loss avg 0.60	Acc avg 64.38	lr 1e-05
[2021-01-04_21-43-46]    Epoch: [23][20/269]	Loss avg 0.60	Acc avg 64.95	lr 1e-05
[2021-01-04_21-43-55]    Epoch: [23][30/269]	Loss avg 0.60	Acc avg 64.93	lr 1e-05
[2021-01-04_21-44-03]    Epoch: [23][40/269]	Loss avg 0.60	Acc avg 65.01	lr 1e-05
[2021-01-04_21-44-06]    Epoch: [23][50/269]	Loss avg 0.60	Acc avg 65.19	lr 1e-05
[2021-01-04_21-44-10]    Epoch: [23][60/269]	Loss avg 0.60	Acc avg 65.10	lr 1e-05
[2021-01-04_21-44-13]    Epoch: [23][70/269]	Loss avg 0.60	Acc avg 65.10	lr 1e-05
[2021-01-04_21-44-16]    Epoch: [23][80/269]	Loss avg 0.60	Acc avg 65.04	lr 1e-05
[2021-01-04_21-44-20]    Epoch: [23][90/269]	Loss avg 0.60	Acc avg 65.05	lr 1e-05
[2021-01-04_21-44-23]    Epoch: [23][100/269]	Loss avg 0.60	Acc avg 65.14	lr 1e-05
[2021-01-04_21-44-27]    Epoch: [23][110/269]	Loss avg 0.60	Acc avg 65.12	lr 1e-05
[2021-01-04_21-44-30]    Epoch: [23][120/269]	Loss avg 0.60	Acc avg 65.13	lr 1e-05
[2021-01-04_21-44-34]    Epoch: [23][130/269]	Loss avg 0.60	Acc avg 65.17	lr 1e-05
[2021-01-04_21-44-37]    Epoch: [23][140/269]	Loss avg 0.60	Acc avg 65.14	lr 1e-05
[2021-01-04_21-44-40]    Epoch: [23][150/269]	Loss avg 0.60	Acc avg 65.18	lr 1e-05
[2021-01-04_21-44-44]    Epoch: [23][160/269]	Loss avg 0.60	Acc avg 65.16	lr 1e-05
[2021-01-04_21-44-47]    Epoch: [23][170/269]	Loss avg 0.60	Acc avg 65.17	lr 1e-05
[2021-01-04_21-44-51]    Epoch: [23][180/269]	Loss avg 0.60	Acc avg 65.15	lr 1e-05
[2021-01-04_21-44-54]    Epoch: [23][190/269]	Loss avg 0.60	Acc avg 65.20	lr 1e-05
[2021-01-04_21-44-57]    Epoch: [23][200/269]	Loss avg 0.60	Acc avg 65.20	lr 1e-05
[2021-01-04_21-45-01]    Epoch: [23][210/269]	Loss avg 0.60	Acc avg 65.25	lr 1e-05
[2021-01-04_21-45-04]    Epoch: [23][220/269]	Loss avg 0.60	Acc avg 65.26	lr 1e-05
[2021-01-04_21-45-07]    Epoch: [23][230/269]	Loss avg 0.60	Acc avg 65.27	lr 1e-05
[2021-01-04_21-45-11]    Epoch: [23][240/269]	Loss avg 0.60	Acc avg 65.25	lr 1e-05
[2021-01-04_21-45-14]    Epoch: [23][250/269]	Loss avg 0.60	Acc avg 65.22	lr 1e-05
[2021-01-04_21-45-18]    Epoch: [23][260/269]	Loss avg 0.60	Acc avg 65.17	lr 1e-05
[2021-01-04_21-46-17]     * Val acc 54.07
[2021-01-04_21-47-44]    Epoch: [24][0/269]	Loss avg 0.60	Acc avg 63.87	lr 1e-05
[2021-01-04_21-47-52]    Epoch: [24][10/269]	Loss avg 0.60	Acc avg 64.28	lr 1e-05
[2021-01-04_21-48-00]    Epoch: [24][20/269]	Loss avg 0.60	Acc avg 64.56	lr 1e-05
[2021-01-04_21-48-08]    Epoch: [24][30/269]	Loss avg 0.60	Acc avg 64.71	lr 1e-05
[2021-01-04_21-48-16]    Epoch: [24][40/269]	Loss avg 0.60	Acc avg 64.71	lr 1e-05
[2021-01-04_21-48-20]    Epoch: [24][50/269]	Loss avg 0.60	Acc avg 64.84	lr 1e-05
[2021-01-04_21-48-23]    Epoch: [24][60/269]	Loss avg 0.60	Acc avg 64.85	lr 1e-05
[2021-01-04_21-48-26]    Epoch: [24][70/269]	Loss avg 0.60	Acc avg 65.01	lr 1e-05
[2021-01-04_21-48-30]    Epoch: [24][80/269]	Loss avg 0.60	Acc avg 65.00	lr 1e-05
[2021-01-04_21-48-33]    Epoch: [24][90/269]	Loss avg 0.60	Acc avg 65.08	lr 1e-05
[2021-01-04_21-48-37]    Epoch: [24][100/269]	Loss avg 0.60	Acc avg 65.03	lr 1e-05
[2021-01-04_21-48-40]    Epoch: [24][110/269]	Loss avg 0.60	Acc avg 65.08	lr 1e-05
[2021-01-04_21-48-43]    Epoch: [24][120/269]	Loss avg 0.60	Acc avg 64.96	lr 1e-05
[2021-01-04_21-48-47]    Epoch: [24][130/269]	Loss avg 0.60	Acc avg 65.01	lr 1e-05
[2021-01-04_21-48-50]    Epoch: [24][140/269]	Loss avg 0.60	Acc avg 64.97	lr 1e-05
[2021-01-04_21-48-53]    Epoch: [24][150/269]	Loss avg 0.60	Acc avg 65.06	lr 1e-05
[2021-01-04_21-48-57]    Epoch: [24][160/269]	Loss avg 0.60	Acc avg 65.07	lr 1e-05
[2021-01-04_21-49-00]    Epoch: [24][170/269]	Loss avg 0.60	Acc avg 65.07	lr 1e-05
[2021-01-04_21-49-03]    Epoch: [24][180/269]	Loss avg 0.60	Acc avg 65.13	lr 1e-05
[2021-01-04_21-49-07]    Epoch: [24][190/269]	Loss avg 0.60	Acc avg 65.11	lr 1e-05
[2021-01-04_21-49-10]    Epoch: [24][200/269]	Loss avg 0.60	Acc avg 65.15	lr 1e-05
[2021-01-04_21-49-13]    Epoch: [24][210/269]	Loss avg 0.60	Acc avg 65.13	lr 1e-05
[2021-01-04_21-49-17]    Epoch: [24][220/269]	Loss avg 0.60	Acc avg 65.14	lr 1e-05
[2021-01-04_21-49-20]    Epoch: [24][230/269]	Loss avg 0.60	Acc avg 65.17	lr 1e-05
[2021-01-04_21-49-24]    Epoch: [24][240/269]	Loss avg 0.60	Acc avg 65.21	lr 1e-05
[2021-01-04_21-49-27]    Epoch: [24][250/269]	Loss avg 0.60	Acc avg 65.23	lr 1e-05
[2021-01-04_21-49-30]    Epoch: [24][260/269]	Loss avg 0.60	Acc avg 65.23	lr 1e-05
[2021-01-04_21-50-29]     * Val acc 53.92
[2021-01-04_21-51-57]    Epoch: [25][0/269]	Loss avg 0.59	Acc avg 64.65	lr 1e-05
[2021-01-04_21-52-05]    Epoch: [25][10/269]	Loss avg 0.59	Acc avg 65.22	lr 1e-05
[2021-01-04_21-52-14]    Epoch: [25][20/269]	Loss avg 0.59	Acc avg 65.68	lr 1e-05
[2021-01-04_21-52-22]    Epoch: [25][30/269]	Loss avg 0.59	Acc avg 65.17	lr 1e-05
[2021-01-04_21-52-30]    Epoch: [25][40/269]	Loss avg 0.60	Acc avg 64.71	lr 1e-05
[2021-01-04_21-52-33]    Epoch: [25][50/269]	Loss avg 0.59	Acc avg 65.17	lr 1e-05
[2021-01-04_21-52-37]    Epoch: [25][60/269]	Loss avg 0.60	Acc avg 65.34	lr 1e-05
[2021-01-04_21-52-40]    Epoch: [25][70/269]	Loss avg 0.60	Acc avg 65.44	lr 1e-05
[2021-01-04_21-52-43]    Epoch: [25][80/269]	Loss avg 0.60	Acc avg 65.56	lr 1e-05
[2021-01-04_21-52-47]    Epoch: [25][90/269]	Loss avg 0.60	Acc avg 65.49	lr 1e-05
[2021-01-04_21-52-50]    Epoch: [25][100/269]	Loss avg 0.60	Acc avg 65.42	lr 1e-05
[2021-01-04_21-52-53]    Epoch: [25][110/269]	Loss avg 0.60	Acc avg 65.44	lr 1e-05
[2021-01-04_21-52-57]    Epoch: [25][120/269]	Loss avg 0.60	Acc avg 65.38	lr 1e-05
[2021-01-04_21-53-00]    Epoch: [25][130/269]	Loss avg 0.60	Acc avg 65.44	lr 1e-05
[2021-01-04_21-53-03]    Epoch: [25][140/269]	Loss avg 0.60	Acc avg 65.47	lr 1e-05
[2021-01-04_21-53-07]    Epoch: [25][150/269]	Loss avg 0.60	Acc avg 65.43	lr 1e-05
[2021-01-04_21-53-10]    Epoch: [25][160/269]	Loss avg 0.60	Acc avg 65.43	lr 1e-05
[2021-01-04_21-53-14]    Epoch: [25][170/269]	Loss avg 0.60	Acc avg 65.44	lr 1e-05
[2021-01-04_21-53-17]    Epoch: [25][180/269]	Loss avg 0.60	Acc avg 65.49	lr 1e-05
[2021-01-04_21-53-20]    Epoch: [25][190/269]	Loss avg 0.60	Acc avg 65.55	lr 1e-05
[2021-01-04_21-53-24]    Epoch: [25][200/269]	Loss avg 0.60	Acc avg 65.55	lr 1e-05
[2021-01-04_21-53-27]    Epoch: [25][210/269]	Loss avg 0.60	Acc avg 65.46	lr 1e-05
[2021-01-04_21-53-30]    Epoch: [25][220/269]	Loss avg 0.60	Acc avg 65.49	lr 1e-05
[2021-01-04_21-53-34]    Epoch: [25][230/269]	Loss avg 0.60	Acc avg 65.50	lr 1e-05
[2021-01-04_21-53-37]    Epoch: [25][240/269]	Loss avg 0.60	Acc avg 65.48	lr 1e-05
[2021-01-04_21-53-41]    Epoch: [25][250/269]	Loss avg 0.60	Acc avg 65.48	lr 1e-05
[2021-01-04_21-53-44]    Epoch: [25][260/269]	Loss avg 0.60	Acc avg 65.49	lr 1e-05
[2021-01-04_21-54-43]     * Val acc 54.03
[2021-01-04_21-56-12]    Epoch: [26][0/269]	Loss avg 0.59	Acc avg 66.99	lr 1e-05
[2021-01-04_21-56-20]    Epoch: [26][10/269]	Loss avg 0.59	Acc avg 66.10	lr 1e-05
[2021-01-04_21-56-29]    Epoch: [26][20/269]	Loss avg 0.60	Acc avg 65.83	lr 1e-05
[2021-01-04_21-56-38]    Epoch: [26][30/269]	Loss avg 0.59	Acc avg 65.89	lr 1e-05
[2021-01-04_21-56-44]    Epoch: [26][40/269]	Loss avg 0.59	Acc avg 65.79	lr 1e-05
[2021-01-04_21-56-48]    Epoch: [26][50/269]	Loss avg 0.59	Acc avg 65.73	lr 1e-05
[2021-01-04_21-56-51]    Epoch: [26][60/269]	Loss avg 0.59	Acc avg 65.71	lr 1e-05
[2021-01-04_21-56-55]    Epoch: [26][70/269]	Loss avg 0.59	Acc avg 65.61	lr 1e-05
[2021-01-04_21-56-58]    Epoch: [26][80/269]	Loss avg 0.59	Acc avg 65.49	lr 1e-05
[2021-01-04_21-57-02]    Epoch: [26][90/269]	Loss avg 0.59	Acc avg 65.62	lr 1e-05
[2021-01-04_21-57-05]    Epoch: [26][100/269]	Loss avg 0.59	Acc avg 65.65	lr 1e-05
[2021-01-04_21-57-08]    Epoch: [26][110/269]	Loss avg 0.59	Acc avg 65.69	lr 1e-05
[2021-01-04_21-57-12]    Epoch: [26][120/269]	Loss avg 0.59	Acc avg 65.68	lr 1e-05
[2021-01-04_21-57-15]    Epoch: [26][130/269]	Loss avg 0.59	Acc avg 65.65	lr 1e-05
[2021-01-04_21-57-18]    Epoch: [26][140/269]	Loss avg 0.59	Acc avg 65.60	lr 1e-05
[2021-01-04_21-57-22]    Epoch: [26][150/269]	Loss avg 0.59	Acc avg 65.60	lr 1e-05
[2021-01-04_21-57-25]    Epoch: [26][160/269]	Loss avg 0.59	Acc avg 65.62	lr 1e-05
[2021-01-04_21-57-29]    Epoch: [26][170/269]	Loss avg 0.59	Acc avg 65.62	lr 1e-05
[2021-01-04_21-57-32]    Epoch: [26][180/269]	Loss avg 0.59	Acc avg 65.54	lr 1e-05
[2021-01-04_21-57-35]    Epoch: [26][190/269]	Loss avg 0.59	Acc avg 65.55	lr 1e-05
[2021-01-04_21-57-38]    Epoch: [26][200/269]	Loss avg 0.59	Acc avg 65.57	lr 1e-05
[2021-01-04_21-57-42]    Epoch: [26][210/269]	Loss avg 0.59	Acc avg 65.62	lr 1e-05
[2021-01-04_21-57-45]    Epoch: [26][220/269]	Loss avg 0.59	Acc avg 65.59	lr 1e-05
[2021-01-04_21-57-49]    Epoch: [26][230/269]	Loss avg 0.59	Acc avg 65.55	lr 1e-05
[2021-01-04_21-57-52]    Epoch: [26][240/269]	Loss avg 0.59	Acc avg 65.55	lr 1e-05
[2021-01-04_21-57-55]    Epoch: [26][250/269]	Loss avg 0.59	Acc avg 65.53	lr 1e-05
[2021-01-04_21-57-59]    Epoch: [26][260/269]	Loss avg 0.59	Acc avg 65.53	lr 1e-05
[2021-01-04_21-58-58]     * Val acc 57.91
[2021-01-04_22-00-26]    Epoch: [27][0/269]	Loss avg 0.57	Acc avg 67.38	lr 1e-05
[2021-01-04_22-00-34]    Epoch: [27][10/269]	Loss avg 0.59	Acc avg 65.84	lr 1e-05
[2021-01-04_22-00-43]    Epoch: [27][20/269]	Loss avg 0.59	Acc avg 65.45	lr 1e-05
[2021-01-04_22-00-51]    Epoch: [27][30/269]	Loss avg 0.59	Acc avg 65.61	lr 1e-05
[2021-01-04_22-00-59]    Epoch: [27][40/269]	Loss avg 0.59	Acc avg 65.87	lr 1e-05
[2021-01-04_22-01-02]    Epoch: [27][50/269]	Loss avg 0.59	Acc avg 65.78	lr 1e-05
[2021-01-04_22-01-05]    Epoch: [27][60/269]	Loss avg 0.59	Acc avg 65.77	lr 1e-05
[2021-01-04_22-01-09]    Epoch: [27][70/269]	Loss avg 0.59	Acc avg 65.76	lr 1e-05
[2021-01-04_22-01-12]    Epoch: [27][80/269]	Loss avg 0.59	Acc avg 65.76	lr 1e-05
[2021-01-04_22-01-16]    Epoch: [27][90/269]	Loss avg 0.59	Acc avg 65.59	lr 1e-05
[2021-01-04_22-01-19]    Epoch: [27][100/269]	Loss avg 0.59	Acc avg 65.55	lr 1e-05
[2021-01-04_22-01-22]    Epoch: [27][110/269]	Loss avg 0.59	Acc avg 65.60	lr 1e-05
[2021-01-04_22-01-26]    Epoch: [27][120/269]	Loss avg 0.59	Acc avg 65.57	lr 1e-05
[2021-01-04_22-01-29]    Epoch: [27][130/269]	Loss avg 0.59	Acc avg 65.56	lr 1e-05
[2021-01-04_22-01-33]    Epoch: [27][140/269]	Loss avg 0.59	Acc avg 65.45	lr 1e-05
[2021-01-04_22-01-36]    Epoch: [27][150/269]	Loss avg 0.59	Acc avg 65.45	lr 1e-05
[2021-01-04_22-01-40]    Epoch: [27][160/269]	Loss avg 0.59	Acc avg 65.40	lr 1e-05
[2021-01-04_22-01-43]    Epoch: [27][170/269]	Loss avg 0.59	Acc avg 65.46	lr 1e-05
[2021-01-04_22-01-46]    Epoch: [27][180/269]	Loss avg 0.59	Acc avg 65.45	lr 1e-05
[2021-01-04_22-01-50]    Epoch: [27][190/269]	Loss avg 0.59	Acc avg 65.51	lr 1e-05
[2021-01-04_22-01-53]    Epoch: [27][200/269]	Loss avg 0.59	Acc avg 65.50	lr 1e-05
[2021-01-04_22-01-56]    Epoch: [27][210/269]	Loss avg 0.59	Acc avg 65.51	lr 1e-05
[2021-01-04_22-02-00]    Epoch: [27][220/269]	Loss avg 0.59	Acc avg 65.47	lr 1e-05
[2021-01-04_22-02-03]    Epoch: [27][230/269]	Loss avg 0.59	Acc avg 65.45	lr 1e-05
[2021-01-04_22-02-06]    Epoch: [27][240/269]	Loss avg 0.59	Acc avg 65.50	lr 1e-05
[2021-01-04_22-02-10]    Epoch: [27][250/269]	Loss avg 0.59	Acc avg 65.53	lr 1e-05
[2021-01-04_22-02-13]    Epoch: [27][260/269]	Loss avg 0.59	Acc avg 65.57	lr 1e-05
[2021-01-04_22-03-12]     * Val acc 56.37
[2021-01-04_22-04-41]    Epoch: [28][0/269]	Loss avg 0.60	Acc avg 65.43	lr 1e-05
[2021-01-04_22-04-50]    Epoch: [28][10/269]	Loss avg 0.59	Acc avg 65.94	lr 1e-05
[2021-01-04_22-04-59]    Epoch: [28][20/269]	Loss avg 0.59	Acc avg 65.85	lr 1e-05
[2021-01-04_22-05-06]    Epoch: [28][30/269]	Loss avg 0.59	Acc avg 65.88	lr 1e-05
[2021-01-04_22-05-14]    Epoch: [28][40/269]	Loss avg 0.59	Acc avg 65.73	lr 1e-05
[2021-01-04_22-05-17]    Epoch: [28][50/269]	Loss avg 0.59	Acc avg 65.88	lr 1e-05
[2021-01-04_22-05-20]    Epoch: [28][60/269]	Loss avg 0.59	Acc avg 65.95	lr 1e-05
[2021-01-04_22-05-24]    Epoch: [28][70/269]	Loss avg 0.59	Acc avg 65.85	lr 1e-05
[2021-01-04_22-05-27]    Epoch: [28][80/269]	Loss avg 0.59	Acc avg 65.85	lr 1e-05
[2021-01-04_22-05-31]    Epoch: [28][90/269]	Loss avg 0.59	Acc avg 65.86	lr 1e-05
[2021-01-04_22-05-34]    Epoch: [28][100/269]	Loss avg 0.59	Acc avg 65.87	lr 1e-05
[2021-01-04_22-05-38]    Epoch: [28][110/269]	Loss avg 0.59	Acc avg 65.98	lr 1e-05
[2021-01-04_22-05-41]    Epoch: [28][120/269]	Loss avg 0.59	Acc avg 65.93	lr 1e-05
[2021-01-04_22-05-45]    Epoch: [28][130/269]	Loss avg 0.59	Acc avg 65.81	lr 1e-05
[2021-01-04_22-05-48]    Epoch: [28][140/269]	Loss avg 0.59	Acc avg 65.89	lr 1e-05
[2021-01-04_22-05-52]    Epoch: [28][150/269]	Loss avg 0.59	Acc avg 65.93	lr 1e-05
[2021-01-04_22-05-55]    Epoch: [28][160/269]	Loss avg 0.59	Acc avg 65.93	lr 1e-05
[2021-01-04_22-05-59]    Epoch: [28][170/269]	Loss avg 0.59	Acc avg 65.96	lr 1e-05
[2021-01-04_22-06-02]    Epoch: [28][180/269]	Loss avg 0.59	Acc avg 65.96	lr 1e-05
[2021-01-04_22-06-05]    Epoch: [28][190/269]	Loss avg 0.59	Acc avg 65.92	lr 1e-05
[2021-01-04_22-06-09]    Epoch: [28][200/269]	Loss avg 0.59	Acc avg 65.94	lr 1e-05
[2021-01-04_22-06-12]    Epoch: [28][210/269]	Loss avg 0.59	Acc avg 65.97	lr 1e-05
[2021-01-04_22-06-15]    Epoch: [28][220/269]	Loss avg 0.59	Acc avg 66.01	lr 1e-05
[2021-01-04_22-06-19]    Epoch: [28][230/269]	Loss avg 0.59	Acc avg 65.97	lr 1e-05
[2021-01-04_22-06-22]    Epoch: [28][240/269]	Loss avg 0.59	Acc avg 65.99	lr 1e-05
[2021-01-04_22-06-25]    Epoch: [28][250/269]	Loss avg 0.59	Acc avg 66.02	lr 1e-05
[2021-01-04_22-06-28]    Epoch: [28][260/269]	Loss avg 0.59	Acc avg 66.04	lr 1e-05
[2021-01-04_22-07-28]     * Val acc 52.58
[2021-01-04_22-08-56]    Epoch: [29][0/269]	Loss avg 0.59	Acc avg 65.43	lr 1e-05
[2021-01-04_22-09-05]    Epoch: [29][10/269]	Loss avg 0.58	Acc avg 65.48	lr 1e-05
[2021-01-04_22-09-14]    Epoch: [29][20/269]	Loss avg 0.58	Acc avg 66.10	lr 1e-05
[2021-01-04_22-09-23]    Epoch: [29][30/269]	Loss avg 0.58	Acc avg 66.24	lr 1e-05
[2021-01-04_22-09-31]    Epoch: [29][40/269]	Loss avg 0.58	Acc avg 66.49	lr 1e-05
[2021-01-04_22-09-35]    Epoch: [29][50/269]	Loss avg 0.59	Acc avg 66.36	lr 1e-05
[2021-01-04_22-09-38]    Epoch: [29][60/269]	Loss avg 0.58	Acc avg 66.36	lr 1e-05
[2021-01-04_22-09-41]    Epoch: [29][70/269]	Loss avg 0.59	Acc avg 66.30	lr 1e-05
[2021-01-04_22-09-45]    Epoch: [29][80/269]	Loss avg 0.59	Acc avg 66.19	lr 1e-05
[2021-01-04_22-09-48]    Epoch: [29][90/269]	Loss avg 0.59	Acc avg 66.32	lr 1e-05
[2021-01-04_22-09-52]    Epoch: [29][100/269]	Loss avg 0.59	Acc avg 66.33	lr 1e-05
[2021-01-04_22-09-55]    Epoch: [29][110/269]	Loss avg 0.59	Acc avg 66.24	lr 1e-05
[2021-01-04_22-09-59]    Epoch: [29][120/269]	Loss avg 0.59	Acc avg 66.29	lr 1e-05
[2021-01-04_22-10-02]    Epoch: [29][130/269]	Loss avg 0.59	Acc avg 66.33	lr 1e-05
[2021-01-04_22-10-05]    Epoch: [29][140/269]	Loss avg 0.59	Acc avg 66.32	lr 1e-05
[2021-01-04_22-10-09]    Epoch: [29][150/269]	Loss avg 0.59	Acc avg 66.19	lr 1e-05
[2021-01-04_22-10-12]    Epoch: [29][160/269]	Loss avg 0.59	Acc avg 66.20	lr 1e-05
[2021-01-04_22-10-16]    Epoch: [29][170/269]	Loss avg 0.59	Acc avg 66.09	lr 1e-05
[2021-01-04_22-10-19]    Epoch: [29][180/269]	Loss avg 0.59	Acc avg 66.13	lr 1e-05
[2021-01-04_22-10-23]    Epoch: [29][190/269]	Loss avg 0.59	Acc avg 66.14	lr 1e-05
[2021-01-04_22-10-26]    Epoch: [29][200/269]	Loss avg 0.59	Acc avg 66.09	lr 1e-05
[2021-01-04_22-10-29]    Epoch: [29][210/269]	Loss avg 0.59	Acc avg 66.12	lr 1e-05
[2021-01-04_22-10-33]    Epoch: [29][220/269]	Loss avg 0.59	Acc avg 66.10	lr 1e-05
[2021-01-04_22-10-36]    Epoch: [29][230/269]	Loss avg 0.59	Acc avg 66.06	lr 1e-05
[2021-01-04_22-10-39]    Epoch: [29][240/269]	Loss avg 0.59	Acc avg 66.05	lr 1e-05
[2021-01-04_22-10-43]    Epoch: [29][250/269]	Loss avg 0.59	Acc avg 66.03	lr 1e-05
[2021-01-04_22-10-46]    Epoch: [29][260/269]	Loss avg 0.59	Acc avg 66.04	lr 1e-05
[2021-01-04_22-11-47]     * Val acc 55.13
[2021-01-04_22-13-16]    Epoch: [30][0/269]	Loss avg 0.60	Acc avg 66.21	lr 1e-05
[2021-01-04_22-13-25]    Epoch: [30][10/269]	Loss avg 0.59	Acc avg 64.72	lr 1e-05
[2021-01-04_22-13-33]    Epoch: [30][20/269]	Loss avg 0.59	Acc avg 65.25	lr 1e-05
[2021-01-04_22-13-41]    Epoch: [30][30/269]	Loss avg 0.58	Acc avg 65.95	lr 1e-05
[2021-01-04_22-13-49]    Epoch: [30][40/269]	Loss avg 0.58	Acc avg 66.24	lr 1e-05
[2021-01-04_22-13-52]    Epoch: [30][50/269]	Loss avg 0.58	Acc avg 66.04	lr 1e-05
[2021-01-04_22-13-56]    Epoch: [30][60/269]	Loss avg 0.59	Acc avg 66.04	lr 1e-05
[2021-01-04_22-13-59]    Epoch: [30][70/269]	Loss avg 0.58	Acc avg 66.00	lr 1e-05
[2021-01-04_22-14-02]    Epoch: [30][80/269]	Loss avg 0.58	Acc avg 66.02	lr 1e-05
[2021-01-04_22-14-06]    Epoch: [30][90/269]	Loss avg 0.59	Acc avg 65.95	lr 1e-05
[2021-01-04_22-14-09]    Epoch: [30][100/269]	Loss avg 0.59	Acc avg 65.96	lr 1e-05
[2021-01-04_22-14-13]    Epoch: [30][110/269]	Loss avg 0.59	Acc avg 65.94	lr 1e-05
[2021-01-04_22-14-16]    Epoch: [30][120/269]	Loss avg 0.59	Acc avg 65.93	lr 1e-05
[2021-01-04_22-14-19]    Epoch: [30][130/269]	Loss avg 0.59	Acc avg 65.99	lr 1e-05
[2021-01-04_22-14-23]    Epoch: [30][140/269]	Loss avg 0.59	Acc avg 65.94	lr 1e-05
[2021-01-04_22-14-26]    Epoch: [30][150/269]	Loss avg 0.59	Acc avg 65.85	lr 1e-05
[2021-01-04_22-14-30]    Epoch: [30][160/269]	Loss avg 0.59	Acc avg 65.83	lr 1e-05
[2021-01-04_22-14-33]    Epoch: [30][170/269]	Loss avg 0.59	Acc avg 65.80	lr 1e-05
[2021-01-04_22-14-36]    Epoch: [30][180/269]	Loss avg 0.59	Acc avg 65.87	lr 1e-05
[2021-01-04_22-14-39]    Epoch: [30][190/269]	Loss avg 0.59	Acc avg 65.89	lr 1e-05
[2021-01-04_22-14-43]    Epoch: [30][200/269]	Loss avg 0.59	Acc avg 65.93	lr 1e-05
[2021-01-04_22-14-46]    Epoch: [30][210/269]	Loss avg 0.59	Acc avg 65.95	lr 1e-05
[2021-01-04_22-14-50]    Epoch: [30][220/269]	Loss avg 0.59	Acc avg 65.95	lr 1e-05
[2021-01-04_22-14-53]    Epoch: [30][230/269]	Loss avg 0.59	Acc avg 65.97	lr 1e-05
[2021-01-04_22-14-56]    Epoch: [30][240/269]	Loss avg 0.59	Acc avg 65.95	lr 1e-05
[2021-01-04_22-15-00]    Epoch: [30][250/269]	Loss avg 0.59	Acc avg 65.94	lr 1e-05
[2021-01-04_22-15-03]    Epoch: [30][260/269]	Loss avg 0.59	Acc avg 65.89	lr 1e-05
[2021-01-04_22-16-03]     * Val acc 55.73
[2021-01-04_22-17-33]    Epoch: [31][0/269]	Loss avg 0.56	Acc avg 66.80	lr 1e-05
[2021-01-04_22-17-41]    Epoch: [31][10/269]	Loss avg 0.58	Acc avg 65.70	lr 1e-05
[2021-01-04_22-17-49]    Epoch: [31][20/269]	Loss avg 0.58	Acc avg 66.45	lr 1e-05
[2021-01-04_22-17-58]    Epoch: [31][30/269]	Loss avg 0.58	Acc avg 66.80	lr 1e-05
[2021-01-04_22-18-05]    Epoch: [31][40/269]	Loss avg 0.58	Acc avg 66.68	lr 1e-05
[2021-01-04_22-18-09]    Epoch: [31][50/269]	Loss avg 0.58	Acc avg 66.61	lr 1e-05
[2021-01-04_22-18-12]    Epoch: [31][60/269]	Loss avg 0.58	Acc avg 66.46	lr 1e-05
[2021-01-04_22-18-15]    Epoch: [31][70/269]	Loss avg 0.58	Acc avg 66.32	lr 1e-05
[2021-01-04_22-18-19]    Epoch: [31][80/269]	Loss avg 0.58	Acc avg 66.24	lr 1e-05
[2021-01-04_22-18-22]    Epoch: [31][90/269]	Loss avg 0.58	Acc avg 66.22	lr 1e-05
[2021-01-04_22-18-26]    Epoch: [31][100/269]	Loss avg 0.58	Acc avg 66.22	lr 1e-05
[2021-01-04_22-18-29]    Epoch: [31][110/269]	Loss avg 0.58	Acc avg 66.22	lr 1e-05
[2021-01-04_22-18-33]    Epoch: [31][120/269]	Loss avg 0.58	Acc avg 66.25	lr 1e-05
[2021-01-04_22-18-36]    Epoch: [31][130/269]	Loss avg 0.58	Acc avg 66.30	lr 1e-05
[2021-01-04_22-18-39]    Epoch: [31][140/269]	Loss avg 0.58	Acc avg 66.33	lr 1e-05
[2021-01-04_22-18-43]    Epoch: [31][150/269]	Loss avg 0.58	Acc avg 66.38	lr 1e-05
[2021-01-04_22-18-46]    Epoch: [31][160/269]	Loss avg 0.58	Acc avg 66.41	lr 1e-05
[2021-01-04_22-18-50]    Epoch: [31][170/269]	Loss avg 0.58	Acc avg 66.43	lr 1e-05
[2021-01-04_22-18-53]    Epoch: [31][180/269]	Loss avg 0.58	Acc avg 66.36	lr 1e-05
[2021-01-04_22-18-56]    Epoch: [31][190/269]	Loss avg 0.58	Acc avg 66.30	lr 1e-05
[2021-01-04_22-19-00]    Epoch: [31][200/269]	Loss avg 0.58	Acc avg 66.29	lr 1e-05
[2021-01-04_22-19-03]    Epoch: [31][210/269]	Loss avg 0.58	Acc avg 66.28	lr 1e-05
[2021-01-04_22-19-06]    Epoch: [31][220/269]	Loss avg 0.58	Acc avg 66.22	lr 1e-05
[2021-01-04_22-19-10]    Epoch: [31][230/269]	Loss avg 0.58	Acc avg 66.25	lr 1e-05
[2021-01-04_22-19-13]    Epoch: [31][240/269]	Loss avg 0.58	Acc avg 66.28	lr 1e-05
[2021-01-04_22-19-16]    Epoch: [31][250/269]	Loss avg 0.58	Acc avg 66.27	lr 1e-05
[2021-01-04_22-19-19]    Epoch: [31][260/269]	Loss avg 0.58	Acc avg 66.26	lr 1e-05
[2021-01-04_22-20-20]     * Val acc 56.22
[2021-01-04_22-21-48]    Epoch: [32][0/269]	Loss avg 0.57	Acc avg 69.53	lr 1e-05
[2021-01-04_22-21-55]    Epoch: [32][10/269]	Loss avg 0.58	Acc avg 66.78	lr 1e-05
[2021-01-04_22-22-05]    Epoch: [32][20/269]	Loss avg 0.58	Acc avg 66.31	lr 1e-05
[2021-01-04_22-22-13]    Epoch: [32][30/269]	Loss avg 0.58	Acc avg 66.51	lr 1e-05
[2021-01-04_22-22-20]    Epoch: [32][40/269]	Loss avg 0.58	Acc avg 66.37	lr 1e-05
[2021-01-04_22-22-23]    Epoch: [32][50/269]	Loss avg 0.59	Acc avg 66.24	lr 1e-05
[2021-01-04_22-22-27]    Epoch: [32][60/269]	Loss avg 0.58	Acc avg 66.10	lr 1e-05
[2021-01-04_22-22-30]    Epoch: [32][70/269]	Loss avg 0.59	Acc avg 66.04	lr 1e-05
[2021-01-04_22-22-34]    Epoch: [32][80/269]	Loss avg 0.58	Acc avg 66.18	lr 1e-05
[2021-01-04_22-22-37]    Epoch: [32][90/269]	Loss avg 0.58	Acc avg 66.23	lr 1e-05
[2021-01-04_22-22-40]    Epoch: [32][100/269]	Loss avg 0.58	Acc avg 66.21	lr 1e-05
[2021-01-04_22-22-44]    Epoch: [32][110/269]	Loss avg 0.58	Acc avg 66.24	lr 1e-05
[2021-01-04_22-22-47]    Epoch: [32][120/269]	Loss avg 0.58	Acc avg 66.25	lr 1e-05
[2021-01-04_22-22-51]    Epoch: [32][130/269]	Loss avg 0.58	Acc avg 66.25	lr 1e-05
[2021-01-04_22-22-54]    Epoch: [32][140/269]	Loss avg 0.58	Acc avg 66.36	lr 1e-05
[2021-01-04_22-22-58]    Epoch: [32][150/269]	Loss avg 0.58	Acc avg 66.35	lr 1e-05
[2021-01-04_22-23-01]    Epoch: [32][160/269]	Loss avg 0.58	Acc avg 66.31	lr 1e-05
[2021-01-04_22-23-05]    Epoch: [32][170/269]	Loss avg 0.58	Acc avg 66.31	lr 1e-05
[2021-01-04_22-23-08]    Epoch: [32][180/269]	Loss avg 0.58	Acc avg 66.29	lr 1e-05
[2021-01-04_22-23-12]    Epoch: [32][190/269]	Loss avg 0.58	Acc avg 66.32	lr 1e-05
[2021-01-04_22-23-15]    Epoch: [32][200/269]	Loss avg 0.58	Acc avg 66.25	lr 1e-05
[2021-01-04_22-23-19]    Epoch: [32][210/269]	Loss avg 0.58	Acc avg 66.22	lr 1e-05
[2021-01-04_22-23-22]    Epoch: [32][220/269]	Loss avg 0.58	Acc avg 66.25	lr 1e-05
[2021-01-04_22-23-25]    Epoch: [32][230/269]	Loss avg 0.58	Acc avg 66.29	lr 1e-05
[2021-01-04_22-23-29]    Epoch: [32][240/269]	Loss avg 0.58	Acc avg 66.28	lr 1e-05
[2021-01-04_22-23-32]    Epoch: [32][250/269]	Loss avg 0.58	Acc avg 66.31	lr 1e-05
[2021-01-04_22-23-36]    Epoch: [32][260/269]	Loss avg 0.58	Acc avg 66.35	lr 1e-05
[2021-01-04_22-24-36]     * Val acc 53.17
[2021-01-04_22-26-06]    Epoch: [33][0/269]	Loss avg 0.59	Acc avg 66.21	lr 1e-05
[2021-01-04_22-26-14]    Epoch: [33][10/269]	Loss avg 0.58	Acc avg 67.17	lr 1e-05
[2021-01-04_22-26-22]    Epoch: [33][20/269]	Loss avg 0.58	Acc avg 67.28	lr 1e-05
[2021-01-04_22-26-30]    Epoch: [33][30/269]	Loss avg 0.58	Acc avg 67.19	lr 1e-05
[2021-01-04_22-26-37]    Epoch: [33][40/269]	Loss avg 0.58	Acc avg 66.79	lr 1e-05
[2021-01-04_22-26-41]    Epoch: [33][50/269]	Loss avg 0.58	Acc avg 66.81	lr 1e-05
[2021-01-04_22-26-44]    Epoch: [33][60/269]	Loss avg 0.58	Acc avg 66.98	lr 1e-05
[2021-01-04_22-26-47]    Epoch: [33][70/269]	Loss avg 0.58	Acc avg 66.93	lr 1e-05
[2021-01-04_22-26-51]    Epoch: [33][80/269]	Loss avg 0.58	Acc avg 67.01	lr 1e-05
[2021-01-04_22-26-54]    Epoch: [33][90/269]	Loss avg 0.58	Acc avg 66.95	lr 1e-05
[2021-01-04_22-26-58]    Epoch: [33][100/269]	Loss avg 0.58	Acc avg 66.88	lr 1e-05
[2021-01-04_22-27-01]    Epoch: [33][110/269]	Loss avg 0.58	Acc avg 66.88	lr 1e-05
[2021-01-04_22-27-04]    Epoch: [33][120/269]	Loss avg 0.58	Acc avg 66.87	lr 1e-05
[2021-01-04_22-27-08]    Epoch: [33][130/269]	Loss avg 0.58	Acc avg 66.80	lr 1e-05
[2021-01-04_22-27-11]    Epoch: [33][140/269]	Loss avg 0.58	Acc avg 66.76	lr 1e-05
[2021-01-04_22-27-15]    Epoch: [33][150/269]	Loss avg 0.58	Acc avg 66.81	lr 1e-05
[2021-01-04_22-27-18]    Epoch: [33][160/269]	Loss avg 0.58	Acc avg 66.82	lr 1e-05
[2021-01-04_22-27-21]    Epoch: [33][170/269]	Loss avg 0.58	Acc avg 66.83	lr 1e-05
[2021-01-04_22-27-25]    Epoch: [33][180/269]	Loss avg 0.58	Acc avg 66.85	lr 1e-05
[2021-01-04_22-27-28]    Epoch: [33][190/269]	Loss avg 0.58	Acc avg 66.87	lr 1e-05
[2021-01-04_22-27-31]    Epoch: [33][200/269]	Loss avg 0.58	Acc avg 66.86	lr 1e-05
[2021-01-04_22-27-35]    Epoch: [33][210/269]	Loss avg 0.58	Acc avg 66.84	lr 1e-05
[2021-01-04_22-27-38]    Epoch: [33][220/269]	Loss avg 0.58	Acc avg 66.85	lr 1e-05
[2021-01-04_22-27-42]    Epoch: [33][230/269]	Loss avg 0.58	Acc avg 66.86	lr 1e-05
[2021-01-04_22-27-45]    Epoch: [33][240/269]	Loss avg 0.58	Acc avg 66.86	lr 1e-05
[2021-01-04_22-27-48]    Epoch: [33][250/269]	Loss avg 0.58	Acc avg 66.85	lr 1e-05
[2021-01-04_22-27-52]    Epoch: [33][260/269]	Loss avg 0.58	Acc avg 66.83	lr 1e-05
[2021-01-04_22-28-53]     * Val acc 54.80
[2021-01-04_22-30-24]    Epoch: [34][0/269]	Loss avg 0.60	Acc avg 64.26	lr 1e-05
[2021-01-04_22-30-33]    Epoch: [34][10/269]	Loss avg 0.57	Acc avg 67.01	lr 1e-05
[2021-01-04_22-30-41]    Epoch: [34][20/269]	Loss avg 0.57	Acc avg 66.72	lr 1e-05
[2021-01-04_22-30-50]    Epoch: [34][30/269]	Loss avg 0.57	Acc avg 66.70	lr 1e-05
[2021-01-04_22-30-56]    Epoch: [34][40/269]	Loss avg 0.57	Acc avg 67.00	lr 1e-05
[2021-01-04_22-30-59]    Epoch: [34][50/269]	Loss avg 0.57	Acc avg 66.88	lr 1e-05
[2021-01-04_22-31-03]    Epoch: [34][60/269]	Loss avg 0.58	Acc avg 66.85	lr 1e-05
[2021-01-04_22-31-06]    Epoch: [34][70/269]	Loss avg 0.58	Acc avg 66.68	lr 1e-05
[2021-01-04_22-31-09]    Epoch: [34][80/269]	Loss avg 0.58	Acc avg 66.63	lr 1e-05
[2021-01-04_22-31-13]    Epoch: [34][90/269]	Loss avg 0.58	Acc avg 66.63	lr 1e-05
[2021-01-04_22-31-16]    Epoch: [34][100/269]	Loss avg 0.58	Acc avg 66.55	lr 1e-05
[2021-01-04_22-31-20]    Epoch: [34][110/269]	Loss avg 0.58	Acc avg 66.55	lr 1e-05
[2021-01-04_22-31-23]    Epoch: [34][120/269]	Loss avg 0.58	Acc avg 66.65	lr 1e-05
[2021-01-04_22-31-27]    Epoch: [34][130/269]	Loss avg 0.58	Acc avg 66.58	lr 1e-05
[2021-01-04_22-31-30]    Epoch: [34][140/269]	Loss avg 0.58	Acc avg 66.50	lr 1e-05
[2021-01-04_22-31-34]    Epoch: [34][150/269]	Loss avg 0.58	Acc avg 66.55	lr 1e-05
[2021-01-04_22-31-37]    Epoch: [34][160/269]	Loss avg 0.58	Acc avg 66.56	lr 1e-05
[2021-01-04_22-31-40]    Epoch: [34][170/269]	Loss avg 0.58	Acc avg 66.62	lr 1e-05
[2021-01-04_22-31-44]    Epoch: [34][180/269]	Loss avg 0.58	Acc avg 66.67	lr 1e-05
[2021-01-04_22-31-47]    Epoch: [34][190/269]	Loss avg 0.58	Acc avg 66.67	lr 1e-05
[2021-01-04_22-31-51]    Epoch: [34][200/269]	Loss avg 0.58	Acc avg 66.64	lr 1e-05
[2021-01-04_22-31-54]    Epoch: [34][210/269]	Loss avg 0.58	Acc avg 66.67	lr 1e-05
[2021-01-04_22-31-57]    Epoch: [34][220/269]	Loss avg 0.58	Acc avg 66.69	lr 1e-05
[2021-01-04_22-32-01]    Epoch: [34][230/269]	Loss avg 0.58	Acc avg 66.66	lr 1e-05
[2021-01-04_22-32-04]    Epoch: [34][240/269]	Loss avg 0.58	Acc avg 66.65	lr 1e-05
[2021-01-04_22-32-07]    Epoch: [34][250/269]	Loss avg 0.58	Acc avg 66.67	lr 1e-05
[2021-01-04_22-32-10]    Epoch: [34][260/269]	Loss avg 0.58	Acc avg 66.73	lr 1e-05
[2021-01-04_22-33-12]     * Val acc 53.85
[2021-01-04_22-34-40]    Epoch: [35][0/269]	Loss avg 0.58	Acc avg 64.65	lr 1e-05
[2021-01-04_22-34-49]    Epoch: [35][10/269]	Loss avg 0.58	Acc avg 66.99	lr 1e-05
[2021-01-04_22-34-57]    Epoch: [35][20/269]	Loss avg 0.58	Acc avg 66.86	lr 1e-05
[2021-01-04_22-35-06]    Epoch: [35][30/269]	Loss avg 0.58	Acc avg 66.99	lr 1e-05
[2021-01-04_22-35-14]    Epoch: [35][40/269]	Loss avg 0.58	Acc avg 66.81	lr 1e-05
[2021-01-04_22-35-17]    Epoch: [35][50/269]	Loss avg 0.58	Acc avg 66.72	lr 1e-05
[2021-01-04_22-35-21]    Epoch: [35][60/269]	Loss avg 0.58	Acc avg 66.81	lr 1e-05
[2021-01-04_22-35-24]    Epoch: [35][70/269]	Loss avg 0.58	Acc avg 66.76	lr 1e-05
[2021-01-04_22-35-28]    Epoch: [35][80/269]	Loss avg 0.58	Acc avg 66.83	lr 1e-05
[2021-01-04_22-35-31]    Epoch: [35][90/269]	Loss avg 0.58	Acc avg 66.83	lr 1e-05
[2021-01-04_22-35-34]    Epoch: [35][100/269]	Loss avg 0.58	Acc avg 66.83	lr 1e-05
[2021-01-04_22-35-38]    Epoch: [35][110/269]	Loss avg 0.58	Acc avg 66.74	lr 1e-05
[2021-01-04_22-35-41]    Epoch: [35][120/269]	Loss avg 0.58	Acc avg 66.78	lr 1e-05
[2021-01-04_22-35-44]    Epoch: [35][130/269]	Loss avg 0.58	Acc avg 66.79	lr 1e-05
[2021-01-04_22-35-48]    Epoch: [35][140/269]	Loss avg 0.58	Acc avg 66.76	lr 1e-05
[2021-01-04_22-35-51]    Epoch: [35][150/269]	Loss avg 0.58	Acc avg 66.80	lr 1e-05
[2021-01-04_22-35-55]    Epoch: [35][160/269]	Loss avg 0.58	Acc avg 66.77	lr 1e-05
[2021-01-04_22-35-58]    Epoch: [35][170/269]	Loss avg 0.58	Acc avg 66.78	lr 1e-05
[2021-01-04_22-36-01]    Epoch: [35][180/269]	Loss avg 0.58	Acc avg 66.81	lr 1e-05
[2021-01-04_22-36-05]    Epoch: [35][190/269]	Loss avg 0.58	Acc avg 66.82	lr 1e-05
[2021-01-04_22-36-08]    Epoch: [35][200/269]	Loss avg 0.58	Acc avg 66.80	lr 1e-05
[2021-01-04_22-36-12]    Epoch: [35][210/269]	Loss avg 0.58	Acc avg 66.81	lr 1e-05
[2021-01-04_22-36-15]    Epoch: [35][220/269]	Loss avg 0.58	Acc avg 66.85	lr 1e-05
[2021-01-04_22-36-18]    Epoch: [35][230/269]	Loss avg 0.57	Acc avg 66.85	lr 1e-05
[2021-01-04_22-36-22]    Epoch: [35][240/269]	Loss avg 0.58	Acc avg 66.82	lr 1e-05
[2021-01-04_22-36-25]    Epoch: [35][250/269]	Loss avg 0.58	Acc avg 66.82	lr 1e-05
[2021-01-04_22-36-29]    Epoch: [35][260/269]	Loss avg 0.58	Acc avg 66.81	lr 1e-05
[2021-01-04_22-37-28]     * Val acc 52.21
[2021-01-04_22-38-58]    Epoch: [36][0/269]	Loss avg 0.57	Acc avg 66.60	lr 1e-05
[2021-01-04_22-39-07]    Epoch: [36][10/269]	Loss avg 0.57	Acc avg 67.65	lr 1e-05
[2021-01-04_22-39-15]    Epoch: [36][20/269]	Loss avg 0.57	Acc avg 67.28	lr 1e-05
[2021-01-04_22-39-24]    Epoch: [36][30/269]	Loss avg 0.58	Acc avg 67.04	lr 1e-05
[2021-01-04_22-39-30]    Epoch: [36][40/269]	Loss avg 0.58	Acc avg 66.97	lr 1e-05
[2021-01-04_22-39-34]    Epoch: [36][50/269]	Loss avg 0.58	Acc avg 66.80	lr 1e-05
[2021-01-04_22-39-37]    Epoch: [36][60/269]	Loss avg 0.58	Acc avg 66.83	lr 1e-05
[2021-01-04_22-39-41]    Epoch: [36][70/269]	Loss avg 0.58	Acc avg 66.78	lr 1e-05
[2021-01-04_22-39-44]    Epoch: [36][80/269]	Loss avg 0.58	Acc avg 66.79	lr 1e-05
[2021-01-04_22-39-47]    Epoch: [36][90/269]	Loss avg 0.58	Acc avg 66.86	lr 1e-05
[2021-01-04_22-39-51]    Epoch: [36][100/269]	Loss avg 0.58	Acc avg 66.86	lr 1e-05
[2021-01-04_22-39-54]    Epoch: [36][110/269]	Loss avg 0.58	Acc avg 66.89	lr 1e-05
[2021-01-04_22-39-58]    Epoch: [36][120/269]	Loss avg 0.58	Acc avg 66.94	lr 1e-05
[2021-01-04_22-40-01]    Epoch: [36][130/269]	Loss avg 0.57	Acc avg 66.93	lr 1e-05
[2021-01-04_22-40-05]    Epoch: [36][140/269]	Loss avg 0.58	Acc avg 66.94	lr 1e-05
[2021-01-04_22-40-08]    Epoch: [36][150/269]	Loss avg 0.57	Acc avg 66.91	lr 1e-05
[2021-01-04_22-40-12]    Epoch: [36][160/269]	Loss avg 0.58	Acc avg 66.93	lr 1e-05
[2021-01-04_22-40-15]    Epoch: [36][170/269]	Loss avg 0.57	Acc avg 66.99	lr 1e-05
[2021-01-04_22-40-18]    Epoch: [36][180/269]	Loss avg 0.57	Acc avg 66.98	lr 1e-05
[2021-01-04_22-40-22]    Epoch: [36][190/269]	Loss avg 0.57	Acc avg 66.99	lr 1e-05
[2021-01-04_22-40-25]    Epoch: [36][200/269]	Loss avg 0.57	Acc avg 67.03	lr 1e-05
[2021-01-04_22-40-29]    Epoch: [36][210/269]	Loss avg 0.57	Acc avg 67.07	lr 1e-05
[2021-01-04_22-40-32]    Epoch: [36][220/269]	Loss avg 0.57	Acc avg 67.10	lr 1e-05
[2021-01-04_22-40-35]    Epoch: [36][230/269]	Loss avg 0.57	Acc avg 67.06	lr 1e-05
[2021-01-04_22-40-39]    Epoch: [36][240/269]	Loss avg 0.57	Acc avg 67.07	lr 1e-05
[2021-01-04_22-40-42]    Epoch: [36][250/269]	Loss avg 0.57	Acc avg 67.02	lr 1e-05
[2021-01-04_22-40-46]    Epoch: [36][260/269]	Loss avg 0.57	Acc avg 67.04	lr 1e-05
[2021-01-04_22-41-46]     * Val acc 52.92
[2021-01-04_22-43-12]    Epoch: [37][0/269]	Loss avg 0.57	Acc avg 68.16	lr 1e-05
[2021-01-04_22-43-23]    Epoch: [37][10/269]	Loss avg 0.57	Acc avg 67.28	lr 1e-05
[2021-01-04_22-43-31]    Epoch: [37][20/269]	Loss avg 0.57	Acc avg 66.23	lr 1e-05
[2021-01-04_22-43-40]    Epoch: [37][30/269]	Loss avg 0.58	Acc avg 66.51	lr 1e-05
[2021-01-04_22-43-48]    Epoch: [37][40/269]	Loss avg 0.57	Acc avg 66.75	lr 1e-05
[2021-01-04_22-43-51]    Epoch: [37][50/269]	Loss avg 0.57	Acc avg 66.90	lr 1e-05
[2021-01-04_22-43-55]    Epoch: [37][60/269]	Loss avg 0.57	Acc avg 67.16	lr 1e-05
[2021-01-04_22-43-58]    Epoch: [37][70/269]	Loss avg 0.57	Acc avg 67.08	lr 1e-05
[2021-01-04_22-44-02]    Epoch: [37][80/269]	Loss avg 0.57	Acc avg 67.13	lr 1e-05
[2021-01-04_22-44-05]    Epoch: [37][90/269]	Loss avg 0.57	Acc avg 67.09	lr 1e-05
[2021-01-04_22-44-09]    Epoch: [37][100/269]	Loss avg 0.57	Acc avg 67.12	lr 1e-05
[2021-01-04_22-44-12]    Epoch: [37][110/269]	Loss avg 0.57	Acc avg 67.15	lr 1e-05
[2021-01-04_22-44-16]    Epoch: [37][120/269]	Loss avg 0.57	Acc avg 67.16	lr 1e-05
[2021-01-04_22-44-19]    Epoch: [37][130/269]	Loss avg 0.57	Acc avg 67.23	lr 1e-05
[2021-01-04_22-44-23]    Epoch: [37][140/269]	Loss avg 0.57	Acc avg 67.18	lr 1e-05
[2021-01-04_22-44-26]    Epoch: [37][150/269]	Loss avg 0.57	Acc avg 67.24	lr 1e-05
[2021-01-04_22-44-29]    Epoch: [37][160/269]	Loss avg 0.57	Acc avg 67.31	lr 1e-05
[2021-01-04_22-44-33]    Epoch: [37][170/269]	Loss avg 0.57	Acc avg 67.29	lr 1e-05
[2021-01-04_22-44-36]    Epoch: [37][180/269]	Loss avg 0.57	Acc avg 67.29	lr 1e-05
[2021-01-04_22-44-40]    Epoch: [37][190/269]	Loss avg 0.57	Acc avg 67.30	lr 1e-05
[2021-01-04_22-44-43]    Epoch: [37][200/269]	Loss avg 0.57	Acc avg 67.26	lr 1e-05
[2021-01-04_22-44-46]    Epoch: [37][210/269]	Loss avg 0.57	Acc avg 67.28	lr 1e-05
[2021-01-04_22-44-50]    Epoch: [37][220/269]	Loss avg 0.57	Acc avg 67.31	lr 1e-05
[2021-01-04_22-44-53]    Epoch: [37][230/269]	Loss avg 0.57	Acc avg 67.28	lr 1e-05
[2021-01-04_22-44-57]    Epoch: [37][240/269]	Loss avg 0.57	Acc avg 67.30	lr 1e-05
[2021-01-04_22-45-00]    Epoch: [37][250/269]	Loss avg 0.57	Acc avg 67.32	lr 1e-05
[2021-01-04_22-45-03]    Epoch: [37][260/269]	Loss avg 0.57	Acc avg 67.30	lr 1e-05
[2021-01-04_22-46-05]     * Val acc 55.16
[2021-01-04_22-47-37]    Epoch: [38][0/269]	Loss avg 0.59	Acc avg 66.02	lr 1e-05
[2021-01-04_22-47-43]    Epoch: [38][10/269]	Loss avg 0.56	Acc avg 68.52	lr 1e-05
[2021-01-04_22-47-51]    Epoch: [38][20/269]	Loss avg 0.56	Acc avg 68.26	lr 1e-05
[2021-01-04_22-47-58]    Epoch: [38][30/269]	Loss avg 0.57	Acc avg 67.80	lr 1e-05
[2021-01-04_22-48-06]    Epoch: [38][40/269]	Loss avg 0.57	Acc avg 67.63	lr 1e-05
[2021-01-04_22-48-11]    Epoch: [38][50/269]	Loss avg 0.57	Acc avg 67.63	lr 1e-05
[2021-01-04_22-48-15]    Epoch: [38][60/269]	Loss avg 0.57	Acc avg 67.41	lr 1e-05
[2021-01-04_22-48-18]    Epoch: [38][70/269]	Loss avg 0.57	Acc avg 67.31	lr 1e-05
[2021-01-04_22-48-22]    Epoch: [38][80/269]	Loss avg 0.57	Acc avg 67.39	lr 1e-05
[2021-01-04_22-48-25]    Epoch: [38][90/269]	Loss avg 0.57	Acc avg 67.35	lr 1e-05
[2021-01-04_22-48-28]    Epoch: [38][100/269]	Loss avg 0.57	Acc avg 67.31	lr 1e-05
[2021-01-04_22-48-32]    Epoch: [38][110/269]	Loss avg 0.57	Acc avg 67.33	lr 1e-05
[2021-01-04_22-48-35]    Epoch: [38][120/269]	Loss avg 0.57	Acc avg 67.31	lr 1e-05
[2021-01-04_22-48-39]    Epoch: [38][130/269]	Loss avg 0.57	Acc avg 67.31	lr 1e-05
[2021-01-04_22-48-42]    Epoch: [38][140/269]	Loss avg 0.57	Acc avg 67.28	lr 1e-05
[2021-01-04_22-48-46]    Epoch: [38][150/269]	Loss avg 0.57	Acc avg 67.28	lr 1e-05
[2021-01-04_22-48-50]    Epoch: [38][160/269]	Loss avg 0.57	Acc avg 67.30	lr 1e-05
[2021-01-04_22-48-53]    Epoch: [38][170/269]	Loss avg 0.57	Acc avg 67.29	lr 1e-05
[2021-01-04_22-48-57]    Epoch: [38][180/269]	Loss avg 0.57	Acc avg 67.26	lr 1e-05
[2021-01-04_22-49-00]    Epoch: [38][190/269]	Loss avg 0.57	Acc avg 67.17	lr 1e-05
[2021-01-04_22-49-04]    Epoch: [38][200/269]	Loss avg 0.57	Acc avg 67.22	lr 1e-05
[2021-01-04_22-49-07]    Epoch: [38][210/269]	Loss avg 0.57	Acc avg 67.18	lr 1e-05
[2021-01-04_22-49-10]    Epoch: [38][220/269]	Loss avg 0.57	Acc avg 67.17	lr 1e-05
[2021-01-04_22-49-14]    Epoch: [38][230/269]	Loss avg 0.57	Acc avg 67.20	lr 1e-05
[2021-01-04_22-49-17]    Epoch: [38][240/269]	Loss avg 0.57	Acc avg 67.24	lr 1e-05
[2021-01-04_22-49-21]    Epoch: [38][250/269]	Loss avg 0.57	Acc avg 67.26	lr 1e-05
[2021-01-04_22-49-24]    Epoch: [38][260/269]	Loss avg 0.57	Acc avg 67.28	lr 1e-05
[2021-01-04_22-50-26]     * Val acc 53.45
[2021-01-04_22-51-57]    Epoch: [39][0/269]	Loss avg 0.54	Acc avg 68.55	lr 1e-05
[2021-01-04_22-52-05]    Epoch: [39][10/269]	Loss avg 0.57	Acc avg 67.45	lr 1e-05
[2021-01-04_22-52-13]    Epoch: [39][20/269]	Loss avg 0.57	Acc avg 67.96	lr 1e-05
[2021-01-04_22-52-21]    Epoch: [39][30/269]	Loss avg 0.57	Acc avg 68.01	lr 1e-05
[2021-01-04_22-52-28]    Epoch: [39][40/269]	Loss avg 0.57	Acc avg 68.00	lr 1e-05
[2021-01-04_22-52-31]    Epoch: [39][50/269]	Loss avg 0.57	Acc avg 68.10	lr 1e-05
[2021-01-04_22-52-35]    Epoch: [39][60/269]	Loss avg 0.57	Acc avg 67.87	lr 1e-05
[2021-01-04_22-52-38]    Epoch: [39][70/269]	Loss avg 0.57	Acc avg 67.85	lr 1e-05
[2021-01-04_22-52-41]    Epoch: [39][80/269]	Loss avg 0.57	Acc avg 67.94	lr 1e-05
[2021-01-04_22-52-45]    Epoch: [39][90/269]	Loss avg 0.57	Acc avg 67.71	lr 1e-05
[2021-01-04_22-52-48]    Epoch: [39][100/269]	Loss avg 0.57	Acc avg 67.63	lr 1e-05
[2021-01-04_22-52-52]    Epoch: [39][110/269]	Loss avg 0.57	Acc avg 67.62	lr 1e-05
[2021-01-04_22-52-55]    Epoch: [39][120/269]	Loss avg 0.57	Acc avg 67.65	lr 1e-05
[2021-01-04_22-52-59]    Epoch: [39][130/269]	Loss avg 0.57	Acc avg 67.64	lr 1e-05
[2021-01-04_22-53-02]    Epoch: [39][140/269]	Loss avg 0.57	Acc avg 67.62	lr 1e-05
[2021-01-04_22-53-06]    Epoch: [39][150/269]	Loss avg 0.57	Acc avg 67.66	lr 1e-05
[2021-01-04_22-53-09]    Epoch: [39][160/269]	Loss avg 0.57	Acc avg 67.63	lr 1e-05
[2021-01-04_22-53-13]    Epoch: [39][170/269]	Loss avg 0.57	Acc avg 67.61	lr 1e-05
[2021-01-04_22-53-16]    Epoch: [39][180/269]	Loss avg 0.57	Acc avg 67.57	lr 1e-05
[2021-01-04_22-53-19]    Epoch: [39][190/269]	Loss avg 0.57	Acc avg 67.52	lr 1e-05
[2021-01-04_22-53-23]    Epoch: [39][200/269]	Loss avg 0.57	Acc avg 67.53	lr 1e-05
[2021-01-04_22-53-26]    Epoch: [39][210/269]	Loss avg 0.57	Acc avg 67.52	lr 1e-05
[2021-01-04_22-53-30]    Epoch: [39][220/269]	Loss avg 0.57	Acc avg 67.50	lr 1e-05
[2021-01-04_22-53-33]    Epoch: [39][230/269]	Loss avg 0.57	Acc avg 67.48	lr 1e-05
[2021-01-04_22-53-36]    Epoch: [39][240/269]	Loss avg 0.57	Acc avg 67.51	lr 1e-05
[2021-01-04_22-53-40]    Epoch: [39][250/269]	Loss avg 0.57	Acc avg 67.50	lr 1e-05
[2021-01-04_22-53-43]    Epoch: [39][260/269]	Loss avg 0.57	Acc avg 67.52	lr 1e-05
[2021-01-04_22-54-44]     * Val acc 52.83
[2021-01-04_22-56-15]    Epoch: [40][0/269]	Loss avg 0.56	Acc avg 65.62	lr 1e-05
[2021-01-04_22-56-23]    Epoch: [40][10/269]	Loss avg 0.58	Acc avg 67.06	lr 1e-05
[2021-01-04_22-56-33]    Epoch: [40][20/269]	Loss avg 0.57	Acc avg 67.43	lr 1e-05
[2021-01-04_22-56-41]    Epoch: [40][30/269]	Loss avg 0.57	Acc avg 67.23	lr 1e-05
[2021-01-04_22-56-47]    Epoch: [40][40/269]	Loss avg 0.57	Acc avg 67.40	lr 1e-05
[2021-01-04_22-56-50]    Epoch: [40][50/269]	Loss avg 0.57	Acc avg 67.36	lr 1e-05
[2021-01-04_22-56-54]    Epoch: [40][60/269]	Loss avg 0.57	Acc avg 67.42	lr 1e-05
[2021-01-04_22-56-57]    Epoch: [40][70/269]	Loss avg 0.57	Acc avg 67.54	lr 1e-05
[2021-01-04_22-57-01]    Epoch: [40][80/269]	Loss avg 0.57	Acc avg 67.59	lr 1e-05
[2021-01-04_22-57-04]    Epoch: [40][90/269]	Loss avg 0.57	Acc avg 67.63	lr 1e-05
[2021-01-04_22-57-07]    Epoch: [40][100/269]	Loss avg 0.57	Acc avg 67.70	lr 1e-05
[2021-01-04_22-57-11]    Epoch: [40][110/269]	Loss avg 0.57	Acc avg 67.67	lr 1e-05
[2021-01-04_22-57-14]    Epoch: [40][120/269]	Loss avg 0.57	Acc avg 67.74	lr 1e-05
[2021-01-04_22-57-18]    Epoch: [40][130/269]	Loss avg 0.57	Acc avg 67.79	lr 1e-05
[2021-01-04_22-57-21]    Epoch: [40][140/269]	Loss avg 0.56	Acc avg 67.90	lr 1e-05
[2021-01-04_22-57-24]    Epoch: [40][150/269]	Loss avg 0.56	Acc avg 67.90	lr 1e-05
[2021-01-04_22-57-28]    Epoch: [40][160/269]	Loss avg 0.57	Acc avg 67.82	lr 1e-05
[2021-01-04_22-57-31]    Epoch: [40][170/269]	Loss avg 0.57	Acc avg 67.78	lr 1e-05
[2021-01-04_22-57-34]    Epoch: [40][180/269]	Loss avg 0.56	Acc avg 67.85	lr 1e-05
[2021-01-04_22-57-38]    Epoch: [40][190/269]	Loss avg 0.56	Acc avg 67.84	lr 1e-05
[2021-01-04_22-57-41]    Epoch: [40][200/269]	Loss avg 0.56	Acc avg 67.88	lr 1e-05
[2021-01-04_22-57-45]    Epoch: [40][210/269]	Loss avg 0.56	Acc avg 67.88	lr 1e-05
[2021-01-04_22-57-48]    Epoch: [40][220/269]	Loss avg 0.56	Acc avg 67.86	lr 1e-05
[2021-01-04_22-57-51]    Epoch: [40][230/269]	Loss avg 0.57	Acc avg 67.78	lr 1e-05
[2021-01-04_22-57-55]    Epoch: [40][240/269]	Loss avg 0.57	Acc avg 67.73	lr 1e-05
[2021-01-04_22-57-58]    Epoch: [40][250/269]	Loss avg 0.57	Acc avg 67.69	lr 1e-05
[2021-01-04_22-58-02]    Epoch: [40][260/269]	Loss avg 0.57	Acc avg 67.70	lr 1e-05
Exception ignored in: <function _releaseLock at 0x7ff0c3138050>
Traceback (most recent call last):
  File "/home/dsi/zurkin/anaconda3/lib/python3.7/logging/__init__.py", line 221, in _releaseLock
    def _releaseLock():
KeyboardInterrupt
Traceback (most recent call last):
  File "/home/dsi/zurkin/anaconda3/lib/python3.7/site-packages/torch/utils/data/dataloader.py", line 872, in _try_get_data
    data = self._data_queue.get(timeout=timeout)
  File "/home/dsi/zurkin/anaconda3/lib/python3.7/multiprocessing/queues.py", line 105, in get
    raise Empty
_queue.Empty

The above exception was the direct cause of the following exception:

Traceback (most recent call last):
  File "main.py", line 646, in <module>
    main()
  File "main.py", line 175, in main
    main_worker(args.gpu, args, printer)
  File "main.py", line 369, in main_worker
    acc1 = validate(val_loader, model, criterion, args, printer, start_time)
  File "main.py", line 452, in validate
    for i, (input, target) in enumerate(val_loader):
  File "/home/dsi/zurkin/anaconda3/lib/python3.7/site-packages/torch/utils/data/dataloader.py", line 435, in __next__
    data = self._next_data()
  File "/home/dsi/zurkin/anaconda3/lib/python3.7/site-packages/torch/utils/data/dataloader.py", line 1068, in _next_data
    idx, data = self._get_data()
  File "/home/dsi/zurkin/anaconda3/lib/python3.7/site-packages/torch/utils/data/dataloader.py", line 1034, in _get_data
    success, data = self._try_get_data()
  File "/home/dsi/zurkin/anaconda3/lib/python3.7/site-packages/torch/utils/data/dataloader.py", line 885, in _try_get_data
    raise RuntimeError('DataLoader worker (pid(s) {}) exited unexpectedly'.format(pids_str)) from e
RuntimeError: DataLoader worker (pid(s) 41618, 41635, 41640, 41657, 41674, 41691, 41708, 41721, 41738, 41755, 41772, 41789, 41795, 41845, 41871, 41901, 41915, 41933, 41953, 41965, 41984, 42004, 42020, 42036, 42057, 42074, 42094, 42114, 42123, 42148, 42165, 42185, 42208, 42232, 42272, 42289, 42302, 42319, 42352, 42369, 42386, 42408, 42433, 42481, 42506, 42519, 42536, 42553, 42572, 42589, 42610, 42627, 42648, 42660, 42677, 42694, 42719, 42740, 42749, 42766, 42783, 42800, 42828, 42855, 42883, 42900, 42950, 42971, 42992, 43005, 43023, 43040, 43067, 43079, 43101, 43118, 43135, 43152, 43165, 43181, 43198, 43215, 43236, 43253, 43266, 43294, 43307, 43328, 43350, 43367, 43384, 43401, 43418, 43431, 43448, 43465, 43485, 43502, 43515, 43566, 43587, 43600, 43617, 43630, 43647, 43665, 43682, 43699, 43724, 43747, 43760, 43779, 43796, 43809, 43833, 43851, 43868, 43881, 43898, 43915, 43932, 43949, 43966, 43979, 43996, 44013, 44034, 44047, 44064, 44086, 44103, 44166, 44189, 44202, 44219, 44237, 44255, 44280, 44297, 44316, 44335, 44352, 44371, 44390, 44409, 44428, 44448, 44461, 44474, 44491, 44509, 44526, 44543, 44556, 44585, 44610, 44620, 44638) exited unexpectedly
